#
# There is insufficient memory for the Java Runtime Environment to continue.
# Native memory allocation (malloc) failed to allocate 1257776 bytes. Error detail: Chunk::new
# Possible reasons:
#   The system is out of physical RAM or swap space
#   This process is running with CompressedOops enabled, and the Java Heap may be blocking the growth of the native heap
# Possible solutions:
#   Reduce memory load on the system
#   Increase physical memory or swap space
#   Check if swap backing store is full
#   Decrease Java heap size (-Xmx/-Xms)
#   Decrease number of Java threads
#   Decrease Java thread stack sizes (-Xss)
#   Set larger code cache with -XX:ReservedCodeCacheSize=
#   JVM is running with Unscaled Compressed Oops mode in which the Java heap is
#     placed in the first 4GB address space. The Java Heap base address is the
#     maximum limit for the native heap growth. Please use -XX:HeapBaseMinAddress
#     to set the Java Heap base and to place the Java Heap above 4GB virtual address.
# This output file may be truncated or incomplete.
#
#  Out of Memory Error (arena.cpp:168), pid=23844, tid=26628
#
# JRE version: OpenJDK Runtime Environment Temurin-21.0.8+9 (21.0.8+9) (build 21.0.8+9-LTS)
# Java VM: OpenJDK 64-Bit Server VM Temurin-21.0.8+9 (21.0.8+9-LTS, mixed mode, sharing, tiered, compressed oops, compressed class ptrs, parallel gc, windows-amd64)
# No core dump will be written. Minidumps are not enabled by default on client versions of Windows
#

---------------  S U M M A R Y ------------

Command Line: --add-modules=ALL-SYSTEM --add-opens=java.base/java.util=ALL-UNNAMED --add-opens=java.base/java.lang=ALL-UNNAMED --add-opens=java.base/sun.nio.fs=ALL-UNNAMED -Declipse.application=org.eclipse.jdt.ls.core.id1 -Dosgi.bundles.defaultStartLevel=4 -Declipse.product=org.eclipse.jdt.ls.core.product -Djava.import.generatesMetadataFilesAtProjectRoot=false -DDetectVMInstallationsJob.disabled=true -Dfile.encoding=utf8 -XX:+UseParallelGC -XX:GCTimeRatio=4 -XX:AdaptiveSizePolicyWeight=90 -Dsun.zip.disableMemoryMapping=true -Xmx2G -Xms100m -Xlog:disable -javaagent:c:\Users\JAKE\.cursor\extensions\redhat.java-1.45.0-win32-x64\lombok\lombok-1.18.39-4050.jar -XX:+HeapDumpOnOutOfMemoryError -XX:HeapDumpPath=c:\Users\JAKE\AppData\Roaming\Cursor\User\workspaceStorage\b44df45563bb7b908325a1381907a55f\redhat.java -Daether.dependencyCollector.impl=bf c:\Users\JAKE\.cursor\extensions\redhat.java-1.45.0-win32-x64\server\plugins\org.eclipse.equinox.launcher_1.7.0.v20250519-0528.jar -configuration c:\Users\JAKE\AppData\Roaming\Cursor\User\globalStorage\redhat.java\1.45.0\config_win -data c:\Users\JAKE\AppData\Roaming\Cursor\User\workspaceStorage\b44df45563bb7b908325a1381907a55f\redhat.java\jdt_ws --pipe=\\.\pipe\lsp-105ff877e50bb0a57876f3d60de739ef-sock

Host: 13th Gen Intel(R) Core(TM) i5-1340P, 16 cores, 15G,  Windows 11 , 64 bit Build 26100 (10.0.26100.5074)
Time: Fri Oct  3 14:50:53 2025 elapsed time: 100.098047 seconds (0d 0h 1m 40s)

---------------  T H R E A D  ---------------

Current thread (0x000002299a9772f0):  JavaThread "C2 CompilerThread2" daemon [_thread_in_native, id=26628, stack(0x000000d1bec00000,0x000000d1bed00000) (1024K)]


Current CompileTask:
C2:100098 11387   !   4       org.eclipse.jdt.internal.compiler.classfmt.ClassFileReader::<init> (1968 bytes)

Stack: [0x000000d1bec00000,0x000000d1bed00000]
Native frames: (J=compiled Java code, j=interpreted, Vv=VM code, C=native code)
V  [jvm.dll+0x6d2449]
V  [jvm.dll+0x8ae341]
V  [jvm.dll+0x8b08be]
V  [jvm.dll+0x8b0fa3]
V  [jvm.dll+0x280c96]
V  [jvm.dll+0xc581d]
V  [jvm.dll+0xc5d53]
V  [jvm.dll+0x3b9162]
V  [jvm.dll+0x385315]
V  [jvm.dll+0x38477a]
V  [jvm.dll+0x248ed0]
V  [jvm.dll+0x2484af]
V  [jvm.dll+0x1c89ee]
V  [jvm.dll+0x257d4d]
V  [jvm.dll+0x2562ea]
V  [jvm.dll+0x3f2d16]
V  [jvm.dll+0x857e6b]
V  [jvm.dll+0x6d0b0d]
C  [ucrtbase.dll+0x37b0]
C  [KERNEL32.DLL+0x2e8d7]
C  [ntdll.dll+0x8d9c]


---------------  P R O C E S S  ---------------

Threads class SMR info:
_java_thread_list=0x00000229a5e68a10, length=92, elements={
0x0000022935379dc0, 0x000002293776e120, 0x0000022937864e30, 0x0000022937868150,
0x000002293786b2c0, 0x000002293786cc00, 0x0000022937871a40, 0x0000022937874880,
0x00000229905e77e0, 0x0000022990736bb0, 0x0000022996026450, 0x00000229967edab0,
0x0000022996883fa0, 0x0000022990657370, 0x00000229908b12d0, 0x0000022996f42e40,
0x00000229970612c0, 0x000002299635ba50, 0x0000022996358c60, 0x0000022996359980,
0x000002299635a010, 0x000002299635a6a0, 0x000002299635b3c0, 0x00000229995a1b90,
0x00000229995a35d0, 0x00000229995a2220, 0x00000229995a28b0, 0x00000229995a42f0,
0x00000229995a4980, 0x00000229995a1500, 0x00000229995a5010, 0x00000229995a56a0,
0x00000229995a63c0, 0x00000229995a2f40, 0x00000229995a6a50, 0x00000229995a8b20,
0x00000229995a70e0, 0x00000229995a5d30, 0x00000229995a7770, 0x00000229995a7e00,
0x00000229995a8490, 0x00000229963592f0, 0x0000022998840db0, 0x0000022998840090,
0x000002299883f370, 0x0000022998840720, 0x0000022998841440, 0x000002299883dfc0,
0x0000022998842160, 0x000002299883ece0, 0x0000022998843ba0, 0x00000229988455e0,
0x00000229988427f0, 0x000002299cde6b50, 0x000002299cde7870, 0x000002299cde64c0,
0x000002299cde71e0, 0x000002299cde7f00, 0x000002299cde4a80, 0x000002299cde5e30,
0x000002299cde5110, 0x000002299cde57a0, 0x000002299bae3030, 0x000002299bae0f60,
0x000002299bae3d50, 0x000002299bae1c80, 0x000002299bae29a0, 0x000002299bae36c0,
0x000002299bae08d0, 0x000002299bae5e20, 0x000002299bae4a70, 0x000002299bae5100,
0x000002299bae71d0, 0x000002299bae5790, 0x000002299bae64b0, 0x000002299bae6b40,
0x000002299bae7860, 0x000002299bae43e0, 0x000002299bae7ef0, 0x0000022999167750,
0x0000022999168470, 0x0000022999165680, 0x00000229991663a0, 0x0000022999165d10,
0x0000022999169eb0, 0x000002299a9779c0, 0x000002299a972ed0, 0x0000022998c352a0,
0x000002299a9772f0, 0x0000022998c35fc0, 0x0000022998c36650, 0x0000022998c36ce0
}

Java Threads: ( => current thread )
  0x0000022935379dc0 JavaThread "main"                              [_thread_blocked, id=476, stack(0x000000d1ba300000,0x000000d1ba400000) (1024K)]
  0x000002293776e120 JavaThread "Reference Handler"          daemon [_thread_blocked, id=28476, stack(0x000000d1ba700000,0x000000d1ba800000) (1024K)]
  0x0000022937864e30 JavaThread "Finalizer"                  daemon [_thread_blocked, id=29796, stack(0x000000d1ba800000,0x000000d1ba900000) (1024K)]
  0x0000022937868150 JavaThread "Signal Dispatcher"          daemon [_thread_blocked, id=13752, stack(0x000000d1ba900000,0x000000d1baa00000) (1024K)]
  0x000002293786b2c0 JavaThread "Attach Listener"            daemon [_thread_blocked, id=29396, stack(0x000000d1baa00000,0x000000d1bab00000) (1024K)]
  0x000002293786cc00 JavaThread "Service Thread"             daemon [_thread_blocked, id=15744, stack(0x000000d1bab00000,0x000000d1bac00000) (1024K)]
  0x0000022937871a40 JavaThread "Monitor Deflation Thread"   daemon [_thread_blocked, id=28996, stack(0x000000d1bac00000,0x000000d1bad00000) (1024K)]
  0x0000022937874880 JavaThread "C2 CompilerThread0"         daemon [_thread_blocked, id=20084, stack(0x000000d1bad00000,0x000000d1bae00000) (1024K)]
  0x00000229905e77e0 JavaThread "C1 CompilerThread0"         daemon [_thread_blocked, id=34636, stack(0x000000d1bae00000,0x000000d1baf00000) (1024K)]
  0x0000022990736bb0 JavaThread "Common-Cleaner"             daemon [_thread_blocked, id=5556, stack(0x000000d1baf00000,0x000000d1bb000000) (1024K)]
  0x0000022996026450 JavaThread "Notification Thread"        daemon [_thread_blocked, id=25144, stack(0x000000d1bb100000,0x000000d1bb200000) (1024K)]
  0x00000229967edab0 JavaThread "Active Thread: Equinox Container: 658b1b92-d465-4fb4-9c4f-6fff349ddd86"        [_thread_blocked, id=19976, stack(0x000000d1bbb00000,0x000000d1bbc00000) (1024K)]
  0x0000022996883fa0 JavaThread "Refresh Thread: Equinox Container: 658b1b92-d465-4fb4-9c4f-6fff349ddd86" daemon [_thread_blocked, id=35188, stack(0x000000d1bb000000,0x000000d1bb100000) (1024K)]
  0x0000022990657370 JavaThread "Framework Event Dispatcher: Equinox Container: 658b1b92-d465-4fb4-9c4f-6fff349ddd86" daemon [_thread_blocked, id=12592, stack(0x000000d1bb300000,0x000000d1bb400000) (1024K)]
  0x00000229908b12d0 JavaThread "Start Level: Equinox Container: 658b1b92-d465-4fb4-9c4f-6fff349ddd86" daemon [_thread_blocked, id=10720, stack(0x000000d1bba00000,0x000000d1bbb00000) (1024K)]
  0x0000022996f42e40 JavaThread "Bundle File Closer"         daemon [_thread_blocked, id=39884, stack(0x000000d1bbf00000,0x000000d1bc000000) (1024K)]
  0x00000229970612c0 JavaThread "SCR Component Actor"        daemon [_thread_blocked, id=27292, stack(0x000000d1bc000000,0x000000d1bc100000) (1024K)]
  0x000002299635ba50 JavaThread "Worker-JM"                         [_thread_blocked, id=28024, stack(0x000000d1bc700000,0x000000d1bc800000) (1024K)]
  0x0000022996358c60 JavaThread "JNA Cleaner"                daemon [_thread_blocked, id=31496, stack(0x000000d1bc500000,0x000000d1bc600000) (1024K)]
  0x0000022996359980 JavaThread "Worker-0"                          [_thread_blocked, id=16792, stack(0x000000d1ba200000,0x000000d1ba300000) (1024K)]
  0x000002299635a010 JavaThread "Worker-1"                          [_thread_blocked, id=26208, stack(0x000000d1ba100000,0x000000d1ba200000) (1024K)]
  0x000002299635a6a0 JavaThread "Worker-2"                          [_thread_blocked, id=39644, stack(0x000000d1bc600000,0x000000d1bc700000) (1024K)]
  0x000002299635b3c0 JavaThread "Worker-3"                          [_thread_blocked, id=37868, stack(0x000000d1bcc00000,0x000000d1bcd00000) (1024K)]
  0x00000229995a1b90 JavaThread "Worker-4: Synchronize Gradle projects with workspace"        [_thread_blocked, id=9636, stack(0x000000d1bcf00000,0x000000d1bd000000) (1024K)]
  0x00000229995a35d0 JavaThread "Java indexing"              daemon [_thread_in_Java, id=6824, stack(0x000000d1bd000000,0x000000d1bd100000) (1024K)]
  0x00000229995a2220 JavaThread "Worker-5"                          [_thread_blocked, id=14188, stack(0x000000d1bd100000,0x000000d1bd200000) (1024K)]
  0x00000229995a28b0 JavaThread "Worker-6"                          [_thread_blocked, id=26872, stack(0x000000d1bc200000,0x000000d1bc300000) (1024K)]
  0x00000229995a42f0 JavaThread "Thread-2"                   daemon [_thread_in_native, id=24952, stack(0x000000d1bd700000,0x000000d1bd800000) (1024K)]
  0x00000229995a4980 JavaThread "Thread-3"                   daemon [_thread_in_native, id=37896, stack(0x000000d1bd800000,0x000000d1bd900000) (1024K)]
  0x00000229995a1500 JavaThread "Thread-4"                   daemon [_thread_in_native, id=27848, stack(0x000000d1bd900000,0x000000d1bda00000) (1024K)]
  0x00000229995a5010 JavaThread "Thread-5"                   daemon [_thread_in_native, id=11396, stack(0x000000d1bda00000,0x000000d1bdb00000) (1024K)]
  0x00000229995a56a0 JavaThread "Thread-6"                   daemon [_thread_in_native, id=6232, stack(0x000000d1bdb00000,0x000000d1bdc00000) (1024K)]
  0x00000229995a63c0 JavaThread "Thread-7"                   daemon [_thread_in_native, id=12916, stack(0x000000d1bdc00000,0x000000d1bdd00000) (1024K)]
  0x00000229995a2f40 JavaThread "Thread-8"                   daemon [_thread_in_native, id=36532, stack(0x000000d1bdd00000,0x000000d1bde00000) (1024K)]
  0x00000229995a6a50 JavaThread "Thread-9"                   daemon [_thread_in_native, id=19116, stack(0x000000d1bde00000,0x000000d1bdf00000) (1024K)]
  0x00000229995a8b20 JavaThread "Thread-10"                  daemon [_thread_in_native, id=38172, stack(0x000000d1bdf00000,0x000000d1be000000) (1024K)]
  0x00000229995a70e0 JavaThread "Thread-11"                  daemon [_thread_in_native, id=29100, stack(0x000000d1be000000,0x000000d1be100000) (1024K)]
  0x00000229995a5d30 JavaThread "Thread-12"                  daemon [_thread_in_native, id=2380, stack(0x000000d1be100000,0x000000d1be200000) (1024K)]
  0x00000229995a7770 JavaThread "Thread-13"                  daemon [_thread_in_native, id=34128, stack(0x000000d1be200000,0x000000d1be300000) (1024K)]
  0x00000229995a7e00 JavaThread "Thread-14"                  daemon [_thread_in_native, id=30692, stack(0x000000d1be300000,0x000000d1be400000) (1024K)]
  0x00000229995a8490 JavaThread "Thread-15"                  daemon [_thread_in_native, id=34116, stack(0x000000d1be400000,0x000000d1be500000) (1024K)]
  0x00000229963592f0 JavaThread "Thread-16"                  daemon [_thread_in_native, id=37564, stack(0x000000d1be500000,0x000000d1be600000) (1024K)]
  0x0000022998840db0 JavaThread "Thread-17"                  daemon [_thread_in_native, id=31548, stack(0x000000d1be600000,0x000000d1be700000) (1024K)]
  0x0000022998840090 JavaThread "Thread-18"                  daemon [_thread_in_native, id=39184, stack(0x000000d1be700000,0x000000d1be800000) (1024K)]
  0x000002299883f370 JavaThread "pool-2-thread-1"                   [_thread_blocked, id=14856, stack(0x000000d1be800000,0x000000d1be900000) (1024K)]
  0x0000022998840720 JavaThread "Timer-0"                           [_thread_blocked, id=3228, stack(0x000000d1be900000,0x000000d1bea00000) (1024K)]
  0x0000022998841440 JavaThread "Timer-1"                           [_thread_blocked, id=28128, stack(0x000000d1bea00000,0x000000d1beb00000) (1024K)]
  0x000002299883dfc0 JavaThread "Worker-7: Java indexing... "        [_thread_blocked, id=39692, stack(0x000000d1beb00000,0x000000d1bec00000) (1024K)]
  0x0000022998842160 JavaThread "WorkspaceEventsHandler"            [_thread_blocked, id=37056, stack(0x000000d1bef00000,0x000000d1bf000000) (1024K)]
  0x000002299883ece0 JavaThread "pool-1-thread-1"                   [_thread_blocked, id=8680, stack(0x000000d1bf000000,0x000000d1bf100000) (1024K)]
  0x0000022998843ba0 JavaThread "LocalFile Deleter"          daemon [_thread_blocked, id=11820, stack(0x000000d1bf200000,0x000000d1bf300000) (1024K)]
  0x00000229988455e0 JavaThread "LocalFile Deleter"          daemon [_thread_blocked, id=32900, stack(0x000000d1bf300000,0x000000d1bf400000) (1024K)]
  0x00000229988427f0 JavaThread "LocalFile Deleter"          daemon [_thread_blocked, id=36700, stack(0x000000d1bf400000,0x000000d1bf500000) (1024K)]
  0x000002299cde6b50 JavaThread "LocalFile Deleter"          daemon [_thread_blocked, id=3416, stack(0x000000d1bf500000,0x000000d1bf600000) (1024K)]
  0x000002299cde7870 JavaThread "LocalFile Deleter"          daemon [_thread_blocked, id=35848, stack(0x000000d1bf600000,0x000000d1bf700000) (1024K)]
  0x000002299cde64c0 JavaThread "LocalFile Deleter"          daemon [_thread_blocked, id=36528, stack(0x000000d1bf700000,0x000000d1bf800000) (1024K)]
  0x000002299cde71e0 JavaThread "LocalFile Deleter"          daemon [_thread_blocked, id=5780, stack(0x000000d1bf800000,0x000000d1bf900000) (1024K)]
  0x000002299cde7f00 JavaThread "LocalFile Deleter"          daemon [_thread_blocked, id=7644, stack(0x000000d1bf900000,0x000000d1bfa00000) (1024K)]
  0x000002299cde4a80 JavaThread "LocalFile Deleter"          daemon [_thread_blocked, id=39800, stack(0x000000d1bfa00000,0x000000d1bfb00000) (1024K)]
  0x000002299cde5e30 JavaThread "LocalFile Deleter"          daemon [_thread_blocked, id=23168, stack(0x000000d1bfb00000,0x000000d1bfc00000) (1024K)]
  0x000002299cde5110 JavaThread "LocalFile Deleter"          daemon [_thread_blocked, id=28840, stack(0x000000d1bfc00000,0x000000d1bfd00000) (1024K)]
  0x000002299cde57a0 JavaThread "LocalFile Deleter"          daemon [_thread_blocked, id=7344, stack(0x000000d1bfd00000,0x000000d1bfe00000) (1024K)]
  0x000002299bae3030 JavaThread "LocalFile Deleter"          daemon [_thread_blocked, id=36832, stack(0x000000d1bfe00000,0x000000d1bff00000) (1024K)]
  0x000002299bae0f60 JavaThread "LocalFile Deleter"          daemon [_thread_blocked, id=23344, stack(0x000000d1bff00000,0x000000d1c0000000) (1024K)]
  0x000002299bae3d50 JavaThread "LocalFile Deleter"          daemon [_thread_blocked, id=36196, stack(0x000000d1c0000000,0x000000d1c0100000) (1024K)]
  0x000002299bae1c80 JavaThread "LocalFile Deleter"          daemon [_thread_blocked, id=17000, stack(0x000000d1c0100000,0x000000d1c0200000) (1024K)]
  0x000002299bae29a0 JavaThread "Compiler Source File Reader" daemon [_thread_blocked, id=29768, stack(0x000000d1c0200000,0x000000d1c0300000) (1024K)]
  0x000002299bae36c0 JavaThread "Compiler Source File Reader" daemon [_thread_blocked, id=22364, stack(0x000000d1c0300000,0x000000d1c0400000) (1024K)]
  0x000002299bae08d0 JavaThread "Compiler Source File Reader" daemon [_thread_blocked, id=29632, stack(0x000000d1c0400000,0x000000d1c0500000) (1024K)]
  0x000002299bae5e20 JavaThread "Compiler Source File Reader" daemon [_thread_blocked, id=38956, stack(0x000000d1c0500000,0x000000d1c0600000) (1024K)]
  0x000002299bae4a70 JavaThread "Compiler Source File Reader" daemon [_thread_blocked, id=14660, stack(0x000000d1c0600000,0x000000d1c0700000) (1024K)]
  0x000002299bae5100 JavaThread "Compiler Source File Reader" daemon [_thread_blocked, id=12196, stack(0x000000d1c0700000,0x000000d1c0800000) (1024K)]
  0x000002299bae71d0 JavaThread "Compiler Source File Reader" daemon [_thread_blocked, id=36504, stack(0x000000d1c0800000,0x000000d1c0900000) (1024K)]
  0x000002299bae5790 JavaThread "Compiler Source File Reader" daemon [_thread_blocked, id=12128, stack(0x000000d1c0900000,0x000000d1c0a00000) (1024K)]
  0x000002299bae64b0 JavaThread "Compiler Source File Reader" daemon [_thread_blocked, id=36220, stack(0x000000d1c0a00000,0x000000d1c0b00000) (1024K)]
  0x000002299bae6b40 JavaThread "Compiler Source File Reader" daemon [_thread_blocked, id=20924, stack(0x000000d1c0b00000,0x000000d1c0c00000) (1024K)]
  0x000002299bae7860 JavaThread "Compiler Source File Reader" daemon [_thread_blocked, id=18808, stack(0x000000d1c0c00000,0x000000d1c0d00000) (1024K)]
  0x000002299bae43e0 JavaThread "Compiler Source File Reader" daemon [_thread_blocked, id=8340, stack(0x000000d1c0d00000,0x000000d1c0e00000) (1024K)]
  0x000002299bae7ef0 JavaThread "Compiler Source File Reader" daemon [_thread_blocked, id=23920, stack(0x000000d1c0e00000,0x000000d1c0f00000) (1024K)]
  0x0000022999167750 JavaThread "Compiler Source File Reader" daemon [_thread_blocked, id=33976, stack(0x000000d1c0f00000,0x000000d1c1000000) (1024K)]
  0x0000022999168470 JavaThread "Timer-2"                           [_thread_blocked, id=11480, stack(0x000000d1bc900000,0x000000d1bca00000) (1024K)]
  0x0000022999165680 JavaThread "Timer-3"                           [_thread_blocked, id=21964, stack(0x000000d1bcb00000,0x000000d1bcc00000) (1024K)]
  0x00000229991663a0 JavaThread "ForkJoinPool.commonPool-worker-1" daemon [_thread_blocked, id=14716, stack(0x000000d1bce00000,0x000000d1bcf00000) (1024K)]
  0x0000022999165d10 JavaThread "Timer-4"                           [_thread_blocked, id=16556, stack(0x000000d1bcd00000,0x000000d1bce00000) (1024K)]
  0x0000022999169eb0 JavaThread "Connection worker"                 [_thread_in_native, id=31432, stack(0x000000d1bd200000,0x000000d1bd300000) (1024K)]
  0x000002299a9779c0 JavaThread "C1 CompilerThread1"         daemon [_thread_blocked, id=15220, stack(0x000000d1bca00000,0x000000d1bcb00000) (1024K)]
  0x000002299a972ed0 JavaThread "C2 CompilerThread1"         daemon [_thread_blocked, id=27416, stack(0x000000d1bc100000,0x000000d1bc200000) (1024K)]
  0x0000022998c352a0 JavaThread "pool-3-thread-1"                   [_thread_blocked, id=30628, stack(0x000000d1bc800000,0x000000d1bc900000) (1024K)]
=>0x000002299a9772f0 JavaThread "C2 CompilerThread2"         daemon [_thread_in_native, id=26628, stack(0x000000d1bec00000,0x000000d1bed00000) (1024K)]
  0x0000022998c35fc0 JavaThread "Exec process"                      [_thread_blocked, id=33316, stack(0x000000d1bed00000,0x000000d1bee00000) (1024K)]
  0x0000022998c36650 JavaThread "Exec process Thread 2"             [_thread_blocked, id=15228, stack(0x000000d1bee00000,0x000000d1bef00000) (1024K)]
  0x0000022998c36ce0 JavaThread "Exec process Thread 3"             [_thread_blocked, id=31172, stack(0x000000d1bf100000,0x000000d1bf200000) (1024K)]
Total: 92

Other Threads:
  0x0000022937752d50 VMThread "VM Thread"                           [id=33308, stack(0x000000d1ba600000,0x000000d1ba700000) (1024K)]
  0x000002293764ca00 WatcherThread "VM Periodic Task Thread"        [id=35408, stack(0x000000d1ba500000,0x000000d1ba600000) (1024K)]
  0x00000229377da160 WorkerThread "GC Thread#0"                     [id=31748, stack(0x000000d1ba400000,0x000000d1ba500000) (1024K)]
  0x0000022996800950 WorkerThread "GC Thread#1"                     [id=19480, stack(0x000000d1bb400000,0x000000d1bb500000) (1024K)]
  0x00000229965ae680 WorkerThread "GC Thread#2"                     [id=26416, stack(0x000000d1bb500000,0x000000d1bb600000) (1024K)]
  0x00000229965aea20 WorkerThread "GC Thread#3"                     [id=35532, stack(0x000000d1bb600000,0x000000d1bb700000) (1024K)]
  0x00000229964595b0 WorkerThread "GC Thread#4"                     [id=15604, stack(0x000000d1bb700000,0x000000d1bb800000) (1024K)]
  0x0000022996459950 WorkerThread "GC Thread#5"                     [id=12308, stack(0x000000d1bb800000,0x000000d1bb900000) (1024K)]
  0x0000022996459cf0 WorkerThread "GC Thread#6"                     [id=22748, stack(0x000000d1bb900000,0x000000d1bba00000) (1024K)]
  0x000002299689fab0 WorkerThread "GC Thread#7"                     [id=8100, stack(0x000000d1bbc00000,0x000000d1bbd00000) (1024K)]
  0x00000229906565d0 WorkerThread "GC Thread#8"                     [id=2164, stack(0x000000d1bb200000,0x000000d1bb300000) (1024K)]
  0x0000022990656230 WorkerThread "GC Thread#9"                     [id=2160, stack(0x000000d1bbd00000,0x000000d1bbe00000) (1024K)]
  0x00000229906553b0 WorkerThread "GC Thread#10"                    [id=24500, stack(0x000000d1bbe00000,0x000000d1bbf00000) (1024K)]
  0x0000022990655750 WorkerThread "GC Thread#11"                    [id=4168, stack(0x000000d1bc300000,0x000000d1bc400000) (1024K)]
  0x0000022990656d10 WorkerThread "GC Thread#12"                    [id=24028, stack(0x000000d1bc400000,0x000000d1bc500000) (1024K)]
Total: 15

Threads with active compile tasks:
C2 CompilerThread2  100203 11387   !   4       org.eclipse.jdt.internal.compiler.classfmt.ClassFileReader::<init> (1968 bytes)
Total: 1

VM state: not at safepoint (normal execution)

VM Mutex/Monitor currently owned by a thread: None

Heap address: 0x0000000080000000, size: 2048 MB, Compressed Oops mode: 32-bit

CDS archive(s) mapped at: [0x000002294f000000-0x000002294fba0000-0x000002294fba0000), size 12189696, SharedBaseAddress: 0x000002294f000000, ArchiveRelocationMode: 1.
Compressed class space mapped at: 0x0000022950000000-0x0000022990000000, reserved size: 1073741824
Narrow klass base: 0x000002294f000000, Narrow klass shift: 0, Narrow klass range: 0x100000000

GC Precious Log:
 CardTable entry size: 512
 CPUs: 16 total, 16 available
 Memory: 16066M
 Large Page Support: Disabled
 NUMA Support: Disabled
 Compressed Oops: Enabled (32-bit)
 Alignments: Space 512K, Generation 512K, Heap 2M
 Heap Min Capacity: 100M
 Heap Initial Capacity: 100M
 Heap Max Capacity: 2G
 Pre-touch: Disabled
 Parallel Workers: 13

Heap:
 PSYoungGen      total 18432K, used 14697K [0x00000000d5580000, 0x00000000d6e00000, 0x0000000100000000)
  eden space 17408K, 78% used [0x00000000d5580000,0x00000000d62e2610,0x00000000d6680000)
  from space 1024K, 96% used [0x00000000d6a00000,0x00000000d6af81a0,0x00000000d6b00000)
  to   space 3584K, 0% used [0x00000000d6680000,0x00000000d6680000,0x00000000d6a00000)
 ParOldGen       total 92672K, used 92548K [0x0000000080000000, 0x0000000085a80000, 0x00000000d5580000)
  object space 92672K, 99% used [0x0000000080000000,0x0000000085a610d8,0x0000000085a80000)
 Metaspace       used 77937K, committed 79296K, reserved 1179648K
  class space    used 9426K, committed 10048K, reserved 1048576K

Card table byte_map: [0x0000022937160000,0x0000022937570000] _byte_map_base: 0x0000022936d60000

Marking Bits: (ParMarkBitMap*) 0x00007ffbdfb2a340
 Begin Bits: [0x0000022949c60000, 0x000002294bc60000)
 End Bits:   [0x000002294bc60000, 0x000002294dc60000)

Polling page: 0x0000022935740000

Metaspace:

Usage:
  Non-class:     66.91 MB used.
      Class:      9.21 MB used.
       Both:     76.11 MB used.

Virtual space:
  Non-class space:      128.00 MB reserved,      67.62 MB ( 53%) committed,  2 nodes.
      Class space:        1.00 GB reserved,       9.81 MB ( <1%) committed,  1 nodes.
             Both:        1.12 GB reserved,      77.44 MB (  7%) committed. 

Chunk freelists:
   Non-Class:  11.92 MB
       Class:  6.19 MB
        Both:  18.11 MB

MaxMetaspaceSize: unlimited
CompressedClassSpaceSize: 1.00 GB
Initial GC threshold: 21.00 MB
Current GC threshold: 97.31 MB
CDS: on
 - commit_granule_bytes: 65536.
 - commit_granule_words: 8192.
 - virtual_space_node_default_size: 8388608.
 - enlarge_chunks_in_place: 1.
 - use_allocation_guard: 0.


Internal statistics:

num_allocs_failed_limit: 11.
num_arena_births: 1358.
num_arena_deaths: 14.
num_vsnodes_births: 3.
num_vsnodes_deaths: 0.
num_space_committed: 1240.
num_space_uncommitted: 0.
num_chunks_returned_to_freelist: 25.
num_chunks_taken_from_freelist: 5016.
num_chunk_merges: 12.
num_chunk_splits: 2952.
num_chunks_enlarged: 1523.
num_inconsistent_stats: 0.

CodeHeap 'non-profiled nmethods': size=119168Kb used=8215Kb max_used=8215Kb free=110953Kb
 bounds [0x0000022942550000, 0x0000022942d60000, 0x00000229499b0000]
CodeHeap 'profiled nmethods': size=119104Kb used=23500Kb max_used=23500Kb free=95603Kb
 bounds [0x000002293a9b0000, 0x000002293c0b0000, 0x0000022941e00000]
CodeHeap 'non-nmethods': size=7488Kb used=2031Kb max_used=3189Kb free=5456Kb
 bounds [0x0000022941e00000, 0x0000022942180000, 0x0000022942550000]
CodeCache: size=245760Kb, used=33746Kb, max_used=34904Kb, free=212012Kb
 total_blobs=11170, nmethods=10388, adapters=686, full_count=0
Compilation: enabled, stopped_count=0, restarted_count=0

Compilation events (20 events):
Event: 99.975 Thread 0x0000022937874880 11419       4       org.eclipse.jdt.internal.compiler.lookup.ReferenceBinding::compare (53 bytes)
Event: 99.979 Thread 0x0000022937874880 nmethod 11419 0x0000022942d55090 code [0x0000022942d55220, 0x0000022942d55378]
Event: 100.023 Thread 0x000002299a9779c0 11420       3       org.eclipse.jdt.internal.compiler.ast.ASTNode::handleNonNullByDefault (149 bytes)
Event: 100.023 Thread 0x00000229905e77e0 11421       3       org.eclipse.jdt.internal.compiler.lookup.LocalVariableBinding::<init> (18 bytes)
Event: 100.024 Thread 0x00000229905e77e0 nmethod 11421 0x000002293c087b90 code [0x000002293c087d40, 0x000002293c087eb8]
Event: 100.025 Thread 0x00000229905e77e0 11422       3       org.eclipse.jdt.internal.compiler.problem.ProblemHandler::suspendTempErrorHandlingPolicy (22 bytes)
Event: 100.025 Thread 0x000002299a9779c0 nmethod 11420 0x000002293c087f90 code [0x000002293c0881e0, 0x000002293c088c38]
Event: 100.025 Thread 0x00000229905e77e0 nmethod 11422 0x000002293c089010 code [0x000002293c0891a0, 0x000002293c089300]
Event: 100.025 Thread 0x000002299a9779c0 11423       3       org.eclipse.jdt.internal.compiler.lookup.SourceTypeBinding::storeAnnotations (28 bytes)
Event: 100.026 Thread 0x00000229905e77e0 11426   !   3       org.eclipse.jdt.internal.compiler.lookup.SourceTypeBinding::resolveTypesWithSuspendedTempErrorHandlingPolicy (2084 bytes)
Event: 100.026 Thread 0x000002299a9779c0 nmethod 11423 0x000002293c089390 code [0x000002293c089560, 0x000002293c089810]
Event: 100.026 Thread 0x000002299a9779c0 11424       3       org.eclipse.jdt.internal.compiler.lookup.ReferenceBinding::storeAnnotations (97 bytes)
Event: 100.028 Thread 0x000002299a9779c0 nmethod 11424 0x000002293c089990 code [0x000002293c089be0, 0x000002293c08a680]
Event: 100.028 Thread 0x000002299a9779c0 11427       3       java.util.stream.Collectors$$Lambda/0x00000229500c9660::get (8 bytes)
Event: 100.028 Thread 0x000002299a9779c0 nmethod 11427 0x000002293c08a910 code [0x000002293c08aae0, 0x000002293c08ade0]
Event: 100.029 Thread 0x000002299a9779c0 11428       3       java.util.stream.Collectors::toList (26 bytes)
Event: 100.029 Thread 0x000002299a9779c0 nmethod 11428 0x000002293c08af10 code [0x000002293c08b120, 0x000002293c08b6b0]
Event: 100.029 Thread 0x000002299a9779c0 11425   !   3       org.eclipse.jdt.internal.compiler.lookup.SourceTypeBinding::resolveTypesFor (51 bytes)
Event: 100.031 Thread 0x000002299a9779c0 nmethod 11425 0x000002293c08b890 code [0x000002293c08bac0, 0x000002293c08c650]
Event: 100.049 Thread 0x00000229905e77e0 nmethod 11426 0x000002293c08cb10 code [0x000002293c08d540, 0x000002293c095380]

GC Heap History (20 events):
Event: 90.987 GC heap before
{Heap before GC invocations=56 (full 3):
 PSYoungGen      total 20992K, used 20819K [0x00000000d5580000, 0x00000000d6e80000, 0x0000000100000000)
  eden space 19456K, 100% used [0x00000000d5580000,0x00000000d6880000,0x00000000d6880000)
  from space 1536K, 88% used [0x00000000d6d00000,0x00000000d6e54c60,0x00000000d6e80000)
  to   space 2048K, 0% used [0x00000000d6a80000,0x00000000d6a80000,0x00000000d6c80000)
 ParOldGen       total 80384K, used 80296K [0x0000000080000000, 0x0000000084e80000, 0x00000000d5580000)
  object space 80384K, 99% used [0x0000000080000000,0x0000000084e6a008,0x0000000084e80000)
 Metaspace       used 74648K, committed 76096K, reserved 1179648K
  class space    used 8993K, committed 9664K, reserved 1048576K
}
Event: 90.993 GC heap after
{Heap after GC invocations=56 (full 3):
 PSYoungGen      total 21504K, used 2031K [0x00000000d5580000, 0x00000000d6e80000, 0x0000000100000000)
  eden space 19456K, 0% used [0x00000000d5580000,0x00000000d5580000,0x00000000d6880000)
  from space 2048K, 99% used [0x00000000d6a80000,0x00000000d6c7bde8,0x00000000d6c80000)
  to   space 2048K, 0% used [0x00000000d6c80000,0x00000000d6c80000,0x00000000d6e80000)
 ParOldGen       total 80896K, used 80732K [0x0000000080000000, 0x0000000084f00000, 0x00000000d5580000)
  object space 80896K, 99% used [0x0000000080000000,0x0000000084ed7168,0x0000000084f00000)
 Metaspace       used 74648K, committed 76096K, reserved 1179648K
  class space    used 8993K, committed 9664K, reserved 1048576K
}
Event: 92.221 GC heap before
{Heap before GC invocations=57 (full 3):
 PSYoungGen      total 21504K, used 21487K [0x00000000d5580000, 0x00000000d6e80000, 0x0000000100000000)
  eden space 19456K, 100% used [0x00000000d5580000,0x00000000d6880000,0x00000000d6880000)
  from space 2048K, 99% used [0x00000000d6a80000,0x00000000d6c7bde8,0x00000000d6c80000)
  to   space 2048K, 0% used [0x00000000d6c80000,0x00000000d6c80000,0x00000000d6e80000)
 ParOldGen       total 80896K, used 80732K [0x0000000080000000, 0x0000000084f00000, 0x00000000d5580000)
  object space 80896K, 99% used [0x0000000080000000,0x0000000084ed7168,0x0000000084f00000)
 Metaspace       used 74695K, committed 76096K, reserved 1179648K
  class space    used 8996K, committed 9664K, reserved 1048576K
}
Event: 92.230 GC heap after
{Heap after GC invocations=57 (full 3):
 PSYoungGen      total 20992K, used 1398K [0x00000000d5580000, 0x00000000d6e00000, 0x0000000100000000)
  eden space 19456K, 0% used [0x00000000d5580000,0x00000000d5580000,0x00000000d6880000)
  from space 1536K, 91% used [0x00000000d6c80000,0x00000000d6ddd9d0,0x00000000d6e00000)
  to   space 2048K, 0% used [0x00000000d6a00000,0x00000000d6a00000,0x00000000d6c00000)
 ParOldGen       total 82432K, used 82067K [0x0000000080000000, 0x0000000085080000, 0x00000000d5580000)
  object space 82432K, 99% used [0x0000000080000000,0x0000000085024f40,0x0000000085080000)
 Metaspace       used 74695K, committed 76096K, reserved 1179648K
  class space    used 8996K, committed 9664K, reserved 1048576K
}
Event: 92.986 GC heap before
{Heap before GC invocations=58 (full 3):
 PSYoungGen      total 20992K, used 20854K [0x00000000d5580000, 0x00000000d6e00000, 0x0000000100000000)
  eden space 19456K, 100% used [0x00000000d5580000,0x00000000d6880000,0x00000000d6880000)
  from space 1536K, 91% used [0x00000000d6c80000,0x00000000d6ddd9d0,0x00000000d6e00000)
  to   space 2048K, 0% used [0x00000000d6a00000,0x00000000d6a00000,0x00000000d6c00000)
 ParOldGen       total 82432K, used 82067K [0x0000000080000000, 0x0000000085080000, 0x00000000d5580000)
  object space 82432K, 99% used [0x0000000080000000,0x0000000085024f40,0x0000000085080000)
 Metaspace       used 74721K, committed 76160K, reserved 1179648K
  class space    used 8996K, committed 9664K, reserved 1048576K
}
Event: 92.989 GC heap after
{Heap after GC invocations=58 (full 3):
 PSYoungGen      total 20992K, used 1058K [0x00000000d5580000, 0x00000000d6d00000, 0x0000000100000000)
  eden space 19456K, 0% used [0x00000000d5580000,0x00000000d5580000,0x00000000d6880000)
  from space 1536K, 68% used [0x00000000d6a00000,0x00000000d6b08b20,0x00000000d6b80000)
  to   space 1536K, 0% used [0x00000000d6b80000,0x00000000d6b80000,0x00000000d6d00000)
 ParOldGen       total 83456K, used 83277K [0x0000000080000000, 0x0000000085180000, 0x00000000d5580000)
  object space 83456K, 99% used [0x0000000080000000,0x00000000851534a8,0x0000000085180000)
 Metaspace       used 74721K, committed 76160K, reserved 1179648K
  class space    used 8996K, committed 9664K, reserved 1048576K
}
Event: 93.806 GC heap before
{Heap before GC invocations=59 (full 3):
 PSYoungGen      total 20992K, used 20514K [0x00000000d5580000, 0x00000000d6d00000, 0x0000000100000000)
  eden space 19456K, 100% used [0x00000000d5580000,0x00000000d6880000,0x00000000d6880000)
  from space 1536K, 68% used [0x00000000d6a00000,0x00000000d6b08b20,0x00000000d6b80000)
  to   space 1536K, 0% used [0x00000000d6b80000,0x00000000d6b80000,0x00000000d6d00000)
 ParOldGen       total 83456K, used 83277K [0x0000000080000000, 0x0000000085180000, 0x00000000d5580000)
  object space 83456K, 99% used [0x0000000080000000,0x00000000851534a8,0x0000000085180000)
 Metaspace       used 74854K, committed 76288K, reserved 1179648K
  class space    used 8999K, committed 9664K, reserved 1048576K
}
Event: 93.812 GC heap after
{Heap after GC invocations=59 (full 3):
 PSYoungGen      total 19456K, used 1526K [0x00000000d5580000, 0x00000000d7180000, 0x0000000100000000)
  eden space 17920K, 0% used [0x00000000d5580000,0x00000000d5580000,0x00000000d6700000)
  from space 1536K, 99% used [0x00000000d6b80000,0x00000000d6cfdb48,0x00000000d6d00000)
  to   space 4608K, 0% used [0x00000000d6700000,0x00000000d6700000,0x00000000d6b80000)
 ParOldGen       total 85504K, used 85448K [0x0000000080000000, 0x0000000085380000, 0x00000000d5580000)
  object space 85504K, 99% used [0x0000000080000000,0x0000000085372370,0x0000000085380000)
 Metaspace       used 74854K, committed 76288K, reserved 1179648K
  class space    used 8999K, committed 9664K, reserved 1048576K
}
Event: 94.684 GC heap before
{Heap before GC invocations=60 (full 3):
 PSYoungGen      total 19456K, used 19446K [0x00000000d5580000, 0x00000000d7180000, 0x0000000100000000)
  eden space 17920K, 100% used [0x00000000d5580000,0x00000000d6700000,0x00000000d6700000)
  from space 1536K, 99% used [0x00000000d6b80000,0x00000000d6cfdb48,0x00000000d6d00000)
  to   space 4608K, 0% used [0x00000000d6700000,0x00000000d6700000,0x00000000d6b80000)
 ParOldGen       total 85504K, used 85448K [0x0000000080000000, 0x0000000085380000, 0x00000000d5580000)
  object space 85504K, 99% used [0x0000000080000000,0x0000000085372370,0x0000000085380000)
 Metaspace       used 74873K, committed 76288K, reserved 1179648K
  class space    used 8999K, committed 9664K, reserved 1048576K
}
Event: 94.689 GC heap after
{Heap after GC invocations=60 (full 3):
 PSYoungGen      total 19456K, used 1520K [0x00000000d5580000, 0x00000000d6c00000, 0x0000000100000000)
  eden space 17920K, 0% used [0x00000000d5580000,0x00000000d5580000,0x00000000d6700000)
  from space 1536K, 98% used [0x00000000d6700000,0x00000000d687c010,0x00000000d6880000)
  to   space 2560K, 0% used [0x00000000d6980000,0x00000000d6980000,0x00000000d6c00000)
 ParOldGen       total 87040K, used 86532K [0x0000000080000000, 0x0000000085500000, 0x00000000d5580000)
  object space 87040K, 99% used [0x0000000080000000,0x0000000085481240,0x0000000085500000)
 Metaspace       used 74873K, committed 76288K, reserved 1179648K
  class space    used 8999K, committed 9664K, reserved 1048576K
}
Event: 95.123 GC heap before
{Heap before GC invocations=61 (full 3):
 PSYoungGen      total 19456K, used 19440K [0x00000000d5580000, 0x00000000d6c00000, 0x0000000100000000)
  eden space 17920K, 100% used [0x00000000d5580000,0x00000000d6700000,0x00000000d6700000)
  from space 1536K, 98% used [0x00000000d6700000,0x00000000d687c010,0x00000000d6880000)
  to   space 2560K, 0% used [0x00000000d6980000,0x00000000d6980000,0x00000000d6c00000)
 ParOldGen       total 87040K, used 86532K [0x0000000080000000, 0x0000000085500000, 0x00000000d5580000)
  object space 87040K, 99% used [0x0000000080000000,0x0000000085481288,0x0000000085500000)
 Metaspace       used 74912K, committed 76352K, reserved 1179648K
  class space    used 9000K, committed 9664K, reserved 1048576K
}
Event: 95.126 GC heap after
{Heap after GC invocations=61 (full 3):
 PSYoungGen      total 18944K, used 737K [0x00000000d5580000, 0x00000000d6a80000, 0x0000000100000000)
  eden space 17920K, 0% used [0x00000000d5580000,0x00000000d5580000,0x00000000d6700000)
  from space 1024K, 72% used [0x00000000d6980000,0x00000000d6a385d0,0x00000000d6a80000)
  to   space 1536K, 0% used [0x00000000d6780000,0x00000000d6780000,0x00000000d6900000)
 ParOldGen       total 87552K, used 87246K [0x0000000080000000, 0x0000000085580000, 0x00000000d5580000)
  object space 87552K, 99% used [0x0000000080000000,0x0000000085533978,0x0000000085580000)
 Metaspace       used 74912K, committed 76352K, reserved 1179648K
  class space    used 9000K, committed 9664K, reserved 1048576K
}
Event: 95.819 GC heap before
{Heap before GC invocations=62 (full 3):
 PSYoungGen      total 18944K, used 18657K [0x00000000d5580000, 0x00000000d6a80000, 0x0000000100000000)
  eden space 17920K, 100% used [0x00000000d5580000,0x00000000d6700000,0x00000000d6700000)
  from space 1024K, 72% used [0x00000000d6980000,0x00000000d6a385d0,0x00000000d6a80000)
  to   space 1536K, 0% used [0x00000000d6780000,0x00000000d6780000,0x00000000d6900000)
 ParOldGen       total 87552K, used 87250K [0x0000000080000000, 0x0000000085580000, 0x00000000d5580000)
  object space 87552K, 99% used [0x0000000080000000,0x0000000085534810,0x0000000085580000)
 Metaspace       used 75016K, committed 76416K, reserved 1179648K
  class space    used 9002K, committed 9664K, reserved 1048576K
}
Event: 95.823 GC heap after
{Heap after GC invocations=62 (full 3):
 PSYoungGen      total 19456K, used 1534K [0x00000000d5580000, 0x00000000d6d00000, 0x0000000100000000)
  eden space 17920K, 0% used [0x00000000d5580000,0x00000000d5580000,0x00000000d6700000)
  from space 1536K, 99% used [0x00000000d6780000,0x00000000d68ff9a0,0x00000000d6900000)
  to   space 3072K, 0% used [0x00000000d6a00000,0x00000000d6a00000,0x00000000d6d00000)
 ParOldGen       total 88576K, used 88228K [0x0000000080000000, 0x0000000085680000, 0x00000000d5580000)
  object space 88576K, 99% used [0x0000000080000000,0x00000000856293b8,0x0000000085680000)
 Metaspace       used 75016K, committed 76416K, reserved 1179648K
  class space    used 9002K, committed 9664K, reserved 1048576K
}
Event: 96.638 GC heap before
{Heap before GC invocations=63 (full 3):
 PSYoungGen      total 19456K, used 19454K [0x00000000d5580000, 0x00000000d6d00000, 0x0000000100000000)
  eden space 17920K, 100% used [0x00000000d5580000,0x00000000d6700000,0x00000000d6700000)
  from space 1536K, 99% used [0x00000000d6780000,0x00000000d68ff9a0,0x00000000d6900000)
  to   space 3072K, 0% used [0x00000000d6a00000,0x00000000d6a00000,0x00000000d6d00000)
 ParOldGen       total 88576K, used 88228K [0x0000000080000000, 0x0000000085680000, 0x00000000d5580000)
  object space 88576K, 99% used [0x0000000080000000,0x00000000856293b8,0x0000000085680000)
 Metaspace       used 75061K, committed 76480K, reserved 1179648K
  class space    used 9009K, committed 9664K, reserved 1048576K
}
Event: 96.644 GC heap after
{Heap after GC invocations=63 (full 3):
 PSYoungGen      total 19968K, used 1669K [0x00000000d5580000, 0x00000000d6c00000, 0x0000000100000000)
  eden space 17920K, 0% used [0x00000000d5580000,0x00000000d5580000,0x00000000d6700000)
  from space 2048K, 81% used [0x00000000d6a00000,0x00000000d6ba17c8,0x00000000d6c00000)
  to   space 2048K, 0% used [0x00000000d6800000,0x00000000d6800000,0x00000000d6a00000)
 ParOldGen       total 89600K, used 89228K [0x0000000080000000, 0x0000000085780000, 0x00000000d5580000)
  object space 89600K, 99% used [0x0000000080000000,0x00000000857230e0,0x0000000085780000)
 Metaspace       used 75061K, committed 76480K, reserved 1179648K
  class space    used 9009K, committed 9664K, reserved 1048576K
}
Event: 97.589 GC heap before
{Heap before GC invocations=64 (full 3):
 PSYoungGen      total 19968K, used 19589K [0x00000000d5580000, 0x00000000d6c00000, 0x0000000100000000)
  eden space 17920K, 100% used [0x00000000d5580000,0x00000000d6700000,0x00000000d6700000)
  from space 2048K, 81% used [0x00000000d6a00000,0x00000000d6ba17c8,0x00000000d6c00000)
  to   space 2048K, 0% used [0x00000000d6800000,0x00000000d6800000,0x00000000d6a00000)
 ParOldGen       total 89600K, used 89228K [0x0000000080000000, 0x0000000085780000, 0x00000000d5580000)
  object space 89600K, 99% used [0x0000000080000000,0x0000000085723118,0x0000000085780000)
 Metaspace       used 75100K, committed 76480K, reserved 1179648K
  class space    used 9010K, committed 9664K, reserved 1048576K
}
Event: 97.597 GC heap after
{Heap after GC invocations=64 (full 3):
 PSYoungGen      total 19968K, used 1664K [0x00000000d5580000, 0x00000000d6b00000, 0x0000000100000000)
  eden space 17920K, 0% used [0x00000000d5580000,0x00000000d5580000,0x00000000d6700000)
  from space 2048K, 81% used [0x00000000d6800000,0x00000000d69a0340,0x00000000d6a00000)
  to   space 1024K, 0% used [0x00000000d6a00000,0x00000000d6a00000,0x00000000d6b00000)
 ParOldGen       total 90624K, used 90534K [0x0000000080000000, 0x0000000085880000, 0x00000000d5580000)
  object space 90624K, 99% used [0x0000000080000000,0x0000000085869880,0x0000000085880000)
 Metaspace       used 75100K, committed 76480K, reserved 1179648K
  class space    used 9010K, committed 9664K, reserved 1048576K
}
Event: 98.654 GC heap before
{Heap before GC invocations=65 (full 3):
 PSYoungGen      total 19968K, used 19584K [0x00000000d5580000, 0x00000000d6b00000, 0x0000000100000000)
  eden space 17920K, 100% used [0x00000000d5580000,0x00000000d6700000,0x00000000d6700000)
  from space 2048K, 81% used [0x00000000d6800000,0x00000000d69a0340,0x00000000d6a00000)
  to   space 1024K, 0% used [0x00000000d6a00000,0x00000000d6a00000,0x00000000d6b00000)
 ParOldGen       total 90624K, used 90537K [0x0000000080000000, 0x0000000085880000, 0x00000000d5580000)
  object space 90624K, 99% used [0x0000000080000000,0x000000008586a728,0x0000000085880000)
 Metaspace       used 76526K, committed 77952K, reserved 1179648K
  class space    used 9221K, committed 9856K, reserved 1048576K
}
Event: 98.660 GC heap after
{Heap after GC invocations=65 (full 3):
 PSYoungGen      total 18432K, used 992K [0x00000000d5580000, 0x00000000d6e00000, 0x0000000100000000)
  eden space 17408K, 0% used [0x00000000d5580000,0x00000000d5580000,0x00000000d6680000)
  from space 1024K, 96% used [0x00000000d6a00000,0x00000000d6af81a0,0x00000000d6b00000)
  to   space 3584K, 0% used [0x00000000d6680000,0x00000000d6680000,0x00000000d6a00000)
 ParOldGen       total 92672K, used 92548K [0x0000000080000000, 0x0000000085a80000, 0x00000000d5580000)
  object space 92672K, 99% used [0x0000000080000000,0x0000000085a610d8,0x0000000085a80000)
 Metaspace       used 76526K, committed 77952K, reserved 1179648K
  class space    used 9221K, committed 9856K, reserved 1048576K
}

Dll operation events (15 events):
Event: 0.032 Loaded shared library c:\Users\JAKE\.cursor\extensions\redhat.java-1.45.0-win32-x64\jre\21.0.8-win32-x86_64\bin\java.dll
Event: 0.106 Loaded shared library c:\Users\JAKE\.cursor\extensions\redhat.java-1.45.0-win32-x64\jre\21.0.8-win32-x86_64\bin\zip.dll
Event: 0.274 Loaded shared library C:\Users\JAKE\.cursor\extensions\redhat.java-1.45.0-win32-x64\jre\21.0.8-win32-x86_64\bin\instrument.dll
Event: 0.286 Loaded shared library C:\Users\JAKE\.cursor\extensions\redhat.java-1.45.0-win32-x64\jre\21.0.8-win32-x86_64\bin\net.dll
Event: 0.294 Loaded shared library C:\Users\JAKE\.cursor\extensions\redhat.java-1.45.0-win32-x64\jre\21.0.8-win32-x86_64\bin\nio.dll
Event: 0.301 Loaded shared library C:\Users\JAKE\.cursor\extensions\redhat.java-1.45.0-win32-x64\jre\21.0.8-win32-x86_64\bin\zip.dll
Event: 0.355 Loaded shared library C:\Users\JAKE\.cursor\extensions\redhat.java-1.45.0-win32-x64\jre\21.0.8-win32-x86_64\bin\jimage.dll
Event: 0.570 Loaded shared library c:\Users\JAKE\.cursor\extensions\redhat.java-1.45.0-win32-x64\jre\21.0.8-win32-x86_64\bin\verify.dll
Event: 23.198 Loaded shared library C:\Users\JAKE\AppData\Roaming\Cursor\User\globalStorage\redhat.java\1.45.0\config_win\org.eclipse.equinox.launcher\org.eclipse.equinox.launcher.win32.win32.x86_64_1.2.1400.v20250801-0854\eclipse_11916.dll
Event: 59.770 Loaded shared library C:\Users\JAKE\AppData\Local\Temp\jna-44295568\jna6829544908301721064.dll
Event: 67.961 Loaded shared library C:\Users\JAKE\.cursor\extensions\redhat.java-1.45.0-win32-x64\jre\21.0.8-win32-x86_64\bin\sunmscapi.dll
Event: 69.680 Loaded shared library C:\Users\JAKE\.cursor\extensions\redhat.java-1.45.0-win32-x64\jre\21.0.8-win32-x86_64\bin\extnet.dll
Event: 74.901 Loaded shared library C:\Users\JAKE\.gradle\native\1def1411415f61bf3af743bc5b6707747c0891f09f0c88961ee8f79bc544acac\windows-amd64\native-platform.dll
Event: 83.237 Loaded shared library C:\Users\JAKE\.cursor\extensions\redhat.java-1.45.0-win32-x64\jre\21.0.8-win32-x86_64\bin\management.dll
Event: 83.252 Loaded shared library C:\Users\JAKE\.cursor\extensions\redhat.java-1.45.0-win32-x64\jre\21.0.8-win32-x86_64\bin\management_ext.dll

Deoptimization events (20 events):
Event: 99.687 Thread 0x0000022998c35fc0 Uncommon trap: reason=bimorphic_or_optimized_type_check action=maybe_recompile pc=0x0000022942c8b0d0 method=java.util.Collections$UnmodifiableMap$UnmodifiableEntrySet$UnmodifiableEntry.getValue()Ljava/lang/Object; @ 4 c2
Event: 99.687 Thread 0x0000022998c35fc0 DEOPT PACKING pc=0x0000022942c8b0d0 sp=0x000000d1bedfebc0
Event: 99.687 Thread 0x0000022998c35fc0 DEOPT UNPACKING pc=0x0000022941e53aa2 sp=0x000000d1bedfeb48 mode 2
Event: 99.687 Thread 0x0000022998c35fc0 Uncommon trap: trap_request=0xffffffc6 fr.pc=0x00000229429d9544 relative=0x00000000000000a4
Event: 99.687 Thread 0x0000022998c35fc0 Uncommon trap: reason=bimorphic_or_optimized_type_check action=maybe_recompile pc=0x00000229429d9544 method=java.util.Collections$UnmodifiableMap$UnmodifiableEntrySet$1.hasNext()Z @ 4 c2
Event: 99.687 Thread 0x0000022998c35fc0 DEOPT PACKING pc=0x00000229429d9544 sp=0x000000d1bedfebc0
Event: 99.687 Thread 0x0000022998c35fc0 DEOPT UNPACKING pc=0x0000022941e53aa2 sp=0x000000d1bedfeb48 mode 2
Event: 99.687 Thread 0x0000022998c35fc0 Uncommon trap: trap_request=0xffffffc6 fr.pc=0x0000022942c8bc08 relative=0x00000000000003a8
Event: 99.687 Thread 0x0000022998c35fc0 Uncommon trap: reason=bimorphic_or_optimized_type_check action=maybe_recompile pc=0x0000022942c8bc08 method=java.util.Collections$UnmodifiableMap$UnmodifiableEntrySet$1.next()Ljava/util/Map$Entry; @ 8 c2
Event: 99.687 Thread 0x0000022998c35fc0 DEOPT PACKING pc=0x0000022942c8bc08 sp=0x000000d1bedfeb90
Event: 99.687 Thread 0x0000022998c35fc0 DEOPT UNPACKING pc=0x0000022941e53aa2 sp=0x000000d1bedfead8 mode 2
Event: 99.687 Thread 0x0000022998c35fc0 Uncommon trap: trap_request=0xffffffc6 fr.pc=0x0000022942c8b4d0 relative=0x0000000000000090
Event: 99.687 Thread 0x0000022998c35fc0 Uncommon trap: reason=bimorphic_or_optimized_type_check action=maybe_recompile pc=0x0000022942c8b4d0 method=java.util.Collections$UnmodifiableMap$UnmodifiableEntrySet$UnmodifiableEntry.getKey()Ljava/lang/Object; @ 4 c2
Event: 99.687 Thread 0x0000022998c35fc0 DEOPT PACKING pc=0x0000022942c8b4d0 sp=0x000000d1bedfebc0
Event: 99.687 Thread 0x0000022998c35fc0 DEOPT UNPACKING pc=0x0000022941e53aa2 sp=0x000000d1bedfeb48 mode 2
Event: 99.687 Thread 0x0000022998c35fc0 Uncommon trap: trap_request=0xffffffc6 fr.pc=0x0000022942c8b0d0 relative=0x0000000000000090
Event: 99.687 Thread 0x0000022998c35fc0 Uncommon trap: reason=bimorphic_or_optimized_type_check action=maybe_recompile pc=0x0000022942c8b0d0 method=java.util.Collections$UnmodifiableMap$UnmodifiableEntrySet$UnmodifiableEntry.getValue()Ljava/lang/Object; @ 4 c2
Event: 99.687 Thread 0x0000022998c35fc0 DEOPT PACKING pc=0x0000022942c8b0d0 sp=0x000000d1bedfebc0
Event: 99.687 Thread 0x0000022998c35fc0 DEOPT UNPACKING pc=0x0000022941e53aa2 sp=0x000000d1bedfeb48 mode 2
Event: 99.784 Thread 0x00000229995a35d0 DEOPT UNPACKING pc=0x0000022941e54242 sp=0x000000d1bd0f9888 mode 0

Classes loaded (20 events):
Event: 98.709 Loading class java/io/StreamCorruptedException
Event: 98.709 Loading class java/io/StreamCorruptedException done
Event: 98.738 Loading class java/util/concurrent/ConcurrentSkipListMap$EntrySet
Event: 98.739 Loading class java/util/concurrent/ConcurrentSkipListMap$EntrySet done
Event: 98.739 Loading class java/util/concurrent/ConcurrentSkipListMap$EntryIterator
Event: 98.739 Loading class java/util/concurrent/ConcurrentSkipListMap$EntryIterator done
Event: 99.009 Loading class java/util/concurrent/Executors$DelegatedScheduledExecutorService
Event: 99.010 Loading class java/util/concurrent/Executors$DelegatedExecutorService
Event: 99.010 Loading class java/util/concurrent/Executors$DelegatedExecutorService done
Event: 99.010 Loading class java/util/concurrent/Executors$DelegatedScheduledExecutorService done
Event: 99.681 Loading class java/lang/ProcessBuilder
Event: 99.685 Loading class java/lang/ProcessBuilder done
Event: 99.689 Loading class java/lang/ProcessImpl
Event: 99.691 Loading class java/lang/ProcessImpl done
Event: 99.751 Loading class java/lang/ProcessImpl$2
Event: 99.751 Loading class java/lang/ProcessImpl$2 done
Event: 99.751 Loading class java/lang/Process$PipeInputStream
Event: 99.752 Loading class java/lang/Process$PipeInputStream done
Event: 99.822 Loading class jdk/internal/event/ProcessStartEvent
Event: 99.822 Loading class jdk/internal/event/ProcessStartEvent done

Classes unloaded (7 events):
Event: 62.334 Thread 0x0000022937752d50 Unloading class 0x00000229501a6c00 'java/lang/invoke/LambdaForm$MH+0x00000229501a6c00'
Event: 62.334 Thread 0x0000022937752d50 Unloading class 0x00000229501a6800 'java/lang/invoke/LambdaForm$MH+0x00000229501a6800'
Event: 62.334 Thread 0x0000022937752d50 Unloading class 0x00000229501a6400 'java/lang/invoke/LambdaForm$MH+0x00000229501a6400'
Event: 62.334 Thread 0x0000022937752d50 Unloading class 0x00000229501a6000 'java/lang/invoke/LambdaForm$MH+0x00000229501a6000'
Event: 62.334 Thread 0x0000022937752d50 Unloading class 0x00000229501a5c00 'java/lang/invoke/LambdaForm$BMH+0x00000229501a5c00'
Event: 62.334 Thread 0x0000022937752d50 Unloading class 0x00000229501a5800 'java/lang/invoke/LambdaForm$DMH+0x00000229501a5800'
Event: 62.334 Thread 0x0000022937752d50 Unloading class 0x00000229501a4800 'java/lang/invoke/LambdaForm$DMH+0x00000229501a4800'

Classes redefined (0 events):
No events

Internal exceptions (20 events):
Event: 98.432 Thread 0x0000022999169eb0 Exception <a 'java/lang/NoSuchMethodError'{0x00000000d6420bd0}: 'java.lang.Object java.lang.invoke.DirectMethodHandle$Holder.invokeStatic(java.lang.Object, java.lang.Object, java.lang.Object, java.lang.Object, java.lang.Object, java.lang.Object, java.lang.Object, java.lang.Object, java.lang.Object, java.lang.Object, java.lang.Object, java.lang.Object, java.lang.Object, java.lang.Object, java.lang.Object)'> (0x00000000d6420bd0) 
thrown [s\src\hotspot\share\interpreter\linkResolver.cpp, line 773]
Event: 98.460 Thread 0x0000022999169eb0 Exception <a 'java/lang/NoSuchMethodError'{0x00000000d6448eb0}: 'java.lang.Object java.lang.invoke.DirectMethodHandle$Holder.invokeStatic(java.lang.Object, java.lang.Object, java.lang.Object, java.lang.Object, java.lang.Object, java.lang.Object, java.lang.Object, java.lang.Object, java.lang.Object, java.lang.Object, java.lang.Object, java.lang.Object, java.lang.Object, java.lang.Object, java.lang.Object, java.lang.Object)'> (0x00000000d6448eb0) 
thrown [s\src\hotspot\share\interpreter\linkResolver.cpp, lin
Event: 98.469 Thread 0x0000022999169eb0 Exception <a 'java/lang/NoSuchMethodError'{0x00000000d6477ac8}: 'java.lang.Object java.lang.invoke.DirectMethodHandle$Holder.invokeStatic(java.lang.Object, java.lang.Object, java.lang.Object, java.lang.Object, java.lang.Object, java.lang.Object, java.lang.Object, java.lang.Object, java.lang.Object, java.lang.Object, java.lang.Object, java.lang.Object, java.lang.Object, java.lang.Object, java.lang.Object, java.lang.Object, java.lang.Object)'> (0x00000000d6477ac8) 
thrown [s\src\hotspot\share\interpreter\lin
Event: 98.473 Thread 0x0000022999169eb0 Exception <a 'java/lang/NoSuchMethodError'{0x00000000d64a4418}: 'java.lang.Object java.lang.invoke.DirectMethodHandle$Holder.invokeStatic(java.lang.Object, java.lang.Object, java.lang.Object, java.lang.Object, java.lang.Object, java.lang.Object, java.lang.Object, java.lang.Object, java.lang.Object, java.lang.Object, java.lang.Object, java.lang.Object, java.lang.Object, java.lang.Object, java.lang.Object, java.lang.Object, java.lang.Object, java.lang.Object)'> (0x00000000d64a4418) 
thrown [s\src\hotspot\sha
Event: 98.502 Thread 0x0000022999169eb0 Exception <a 'java/lang/NoSuchMethodError'{0x00000000d64d7fb8}: 'java.lang.Object java.lang.invoke.DirectMethodHandle$Holder.invokeStatic(java.lang.Object, java.lang.Object, java.lang.Object, java.lang.Object, java.lang.Object, java.lang.Object, java.lang.Object, java.lang.Object, java.lang.Object, java.lang.Object, java.lang.Object, java.lang.Object, java.lang.Object, java.lang.Object, java.lang.Object, java.lang.Object, java.lang.Object, java.lang.Object, java.lang.Object)'> (0x00000000d64d7fb8) 
thrown 
Event: 98.507 Thread 0x0000022999169eb0 Exception <a 'java/lang/NoSuchMethodError'{0x00000000d6507020}: 'java.lang.Object java.lang.invoke.DirectMethodHandle$Holder.invokeStatic(java.lang.Object, java.lang.Object, java.lang.Object, java.lang.Object, java.lang.Object, java.lang.Object, java.lang.Object, java.lang.Object, java.lang.Object, java.lang.Object, java.lang.Object, java.lang.Object, java.lang.Object, java.lang.Object, java.lang.Object, java.lang.Object, java.lang.Object, java.lang.Object, java.lang.Object, java.lang.Object)'> (0x00000000
Event: 98.519 Thread 0x0000022999169eb0 Exception <a 'java/lang/NoSuchMethodError'{0x00000000d6537fd8}: 'java.lang.Object java.lang.invoke.DirectMethodHandle$Holder.invokeStatic(java.lang.Object, java.lang.Object, java.lang.Object, java.lang.Object, java.lang.Object, java.lang.Object, java.lang.Object, java.lang.Object, java.lang.Object, java.lang.Object, java.lang.Object, java.lang.Object, java.lang.Object, java.lang.Object, java.lang.Object, java.lang.Object, java.lang.Object, java.lang.Object, java.lang.Object, java.lang.Object, java.lang.Obj
Event: 98.525 Thread 0x0000022999169eb0 Exception <a 'java/lang/NoSuchMethodError'{0x00000000d6568f38}: 'java.lang.Object java.lang.invoke.DirectMethodHandle$Holder.invokeStatic(java.lang.Object, java.lang.Object, java.lang.Object, java.lang.Object, java.lang.Object, java.lang.Object, java.lang.Object, java.lang.Object, java.lang.Object, java.lang.Object, java.lang.Object, java.lang.Object, java.lang.Object, java.lang.Object, java.lang.Object, java.lang.Object, java.lang.Object, java.lang.Object, java.lang.Object, java.lang.Object, java.lang.Obj
Event: 98.529 Thread 0x0000022999169eb0 Exception <a 'java/lang/NoSuchMethodError'{0x00000000d659aae8}: 'java.lang.Object java.lang.invoke.DirectMethodHandle$Holder.invokeStatic(java.lang.Object, java.lang.Object, java.lang.Object, java.lang.Object, java.lang.Object, java.lang.Object, java.lang.Object, java.lang.Object, java.lang.Object, java.lang.Object, java.lang.Object, java.lang.Object, java.lang.Object, java.lang.Object, java.lang.Object, java.lang.Object, java.lang.Object, java.lang.Object, java.lang.Object, java.lang.Object, java.lang.Obj
Event: 98.533 Thread 0x0000022999169eb0 Exception <a 'java/lang/NoSuchMethodError'{0x00000000d65cd348}: 'java.lang.Object java.lang.invoke.DirectMethodHandle$Holder.invokeStatic(java.lang.Object, java.lang.Object, java.lang.Object, java.lang.Object, java.lang.Object, java.lang.Object, java.lang.Object, java.lang.Object, java.lang.Object, java.lang.Object, java.lang.Object, java.lang.Object, java.lang.Object, java.lang.Object, java.lang.Object, java.lang.Object, java.lang.Object, java.lang.Object, java.lang.Object, java.lang.Object, java.lang.Obj
Event: 98.537 Thread 0x0000022999169eb0 Exception <a 'java/lang/NoSuchMethodError'{0x00000000d6601b18}: 'java.lang.Object java.lang.invoke.DirectMethodHandle$Holder.invokeStatic(java.lang.Object, java.lang.Object, java.lang.Object, java.lang.Object, java.lang.Object, java.lang.Object, java.lang.Object, java.lang.Object, java.lang.Object, java.lang.Object, java.lang.Object, java.lang.Object, java.lang.Object, java.lang.Object, java.lang.Object, java.lang.Object, java.lang.Object, java.lang.Object, java.lang.Object, java.lang.Object, java.lang.Obj
Event: 98.609 Thread 0x0000022999169eb0 Exception <a 'java/lang/NoSuchMethodError'{0x00000000d6627780}: 'java.lang.Object java.lang.invoke.DirectMethodHandle$Holder.invokeSpecial(java.lang.Object, java.lang.Object, java.lang.Object, java.lang.Object, java.lang.Object, java.lang.Object, java.lang.Object, java.lang.Object, java.lang.Object, java.lang.Object, java.lang.Object, java.lang.Object, java.lang.Object, java.lang.Object, java.lang.Object, java.lang.Object, java.lang.Object, java.lang.Object, java.lang.Object, java.lang.Object, java.lang.Ob
Event: 98.615 Thread 0x0000022999169eb0 Exception <a 'java/lang/NoSuchMethodError'{0x00000000d663f008}: 'java.lang.Object java.lang.invoke.DirectMethodHandle$Holder.newInvokeSpecial(java.lang.Object, java.lang.Object, java.lang.Object, java.lang.Object, java.lang.Object, java.lang.Object, java.lang.Object, java.lang.Object, java.lang.Object, java.lang.Object, java.lang.Object, java.lang.Object, java.lang.Object, java.lang.Object, java.lang.Object, java.lang.Object, java.lang.Object, java.lang.Object, java.lang.Object, java.lang.Object, java.lang
Event: 98.619 Thread 0x0000022999169eb0 Exception <a 'java/lang/NoSuchMethodError'{0x00000000d6645200}: 'java.lang.Object java.lang.invoke.Invokers$Holder.linkToTargetMethod(java.lang.Object, java.lang.Object, java.lang.Object, java.lang.Object, java.lang.Object, java.lang.Object, java.lang.Object, java.lang.Object, java.lang.Object, java.lang.Object, java.lang.Object, java.lang.Object, java.lang.Object, java.lang.Object, java.lang.Object, java.lang.Object, java.lang.Object, java.lang.Object, java.lang.Object, java.lang.Object, java.lang.Object,
Event: 98.620 Thread 0x0000022999169eb0 Exception <a 'java/lang/NoSuchMethodError'{0x00000000d664a3c8}: 'java.lang.Object java.lang.invoke.DirectMethodHandle$Holder.invokeVirtual(java.lang.Object, java.lang.Object, java.lang.Object, java.lang.Object, java.lang.Object, java.lang.Object, java.lang.Object, java.lang.Object, java.lang.Object, java.lang.Object)'> (0x00000000d664a3c8) 
thrown [s\src\hotspot\share\interpreter\linkResolver.cpp, line 773]
Event: 98.743 Thread 0x0000022999169eb0 Exception <a 'java/lang/NoSuchMethodError'{0x00000000d5681c80}: 'java.lang.Object java.lang.invoke.DirectMethodHandle$Holder.invokeVirtual(java.lang.Object, java.lang.Object, java.lang.Object, java.lang.Object, java.lang.Object, java.lang.Object, java.lang.Object, java.lang.Object, java.lang.Object)'> (0x00000000d5681c80) 
thrown [s\src\hotspot\share\interpreter\linkResolver.cpp, line 773]
Event: 98.923 Thread 0x0000022999169eb0 Exception <a 'java/lang/NoSuchMethodError'{0x00000000d58faf28}: 'java.lang.Object java.lang.invoke.DirectMethodHandle$Holder.invokeVirtual(java.lang.Object, java.lang.Object, java.lang.Object, java.lang.Object, java.lang.Object, java.lang.Object, java.lang.Object, java.lang.Object)'> (0x00000000d58faf28) 
thrown [s\src\hotspot\share\interpreter\linkResolver.cpp, line 773]
Event: 98.963 Thread 0x0000022999169eb0 Exception <a 'java/lang/NoSuchMethodError'{0x00000000d5973070}: 'long java.lang.invoke.DirectMethodHandle$Holder.invokeVirtual(java.lang.Object, java.lang.Object)'> (0x00000000d5973070) 
thrown [s\src\hotspot\share\interpreter\linkResolver.cpp, line 773]
Event: 98.964 Thread 0x0000022999169eb0 Exception <a 'java/lang/NoSuchMethodError'{0x00000000d5976470}: 'long java.lang.invoke.DelegatingMethodHandle$Holder.reinvoke_L(java.lang.Object, java.lang.Object)'> (0x00000000d5976470) 
thrown [s\src\hotspot\share\interpreter\linkResolver.cpp, line 773]
Event: 99.748 Thread 0x0000022998c35fc0 Exception <a 'java/lang/NoSuchMethodError'{0x00000000d612fa78}: 'void java.lang.invoke.DirectMethodHandle$Holder.invokeStatic(java.lang.Object, long)'> (0x00000000d612fa78) 
thrown [s\src\hotspot\share\interpreter\linkResolver.cpp, line 773]

ZGC Phase Switch (0 events):
No events

VM Operations (20 events):
Event: 95.123 Executing VM operation: ParallelGCSystemGC (GCLocker Initiated GC)
Event: 95.126 Executing VM operation: ParallelGCSystemGC (GCLocker Initiated GC) done
Event: 95.806 Executing VM operation: ParallelGCFailedAllocation (Allocation Failure)
Event: 95.823 Executing VM operation: ParallelGCFailedAllocation (Allocation Failure) done
Event: 96.636 Executing VM operation: ParallelGCFailedAllocation (Allocation Failure)
Event: 96.645 Executing VM operation: ParallelGCFailedAllocation (Allocation Failure) done
Event: 97.585 Executing VM operation: ParallelGCFailedAllocation (Allocation Failure)
Event: 97.588 Executing VM operation: ParallelGCFailedAllocation (Allocation Failure) done
Event: 97.588 Executing VM operation: ParallelGCSystemGC (GCLocker Initiated GC)
Event: 97.597 Executing VM operation: ParallelGCSystemGC (GCLocker Initiated GC) done
Event: 98.352 Executing VM operation: HandshakeAllThreads (Deoptimize)
Event: 98.353 Executing VM operation: HandshakeAllThreads (Deoptimize) done
Event: 98.644 Executing VM operation: ParallelGCFailedAllocation (Allocation Failure)
Event: 98.661 Executing VM operation: ParallelGCFailedAllocation (Allocation Failure) done
Event: 98.776 Executing VM operation: HandshakeAllThreads (Deoptimize)
Event: 98.776 Executing VM operation: HandshakeAllThreads (Deoptimize) done
Event: 99.755 Executing VM operation: HandshakeAllThreads (Deoptimize)
Event: 99.786 Executing VM operation: HandshakeAllThreads (Deoptimize) done
Event: 99.786 Executing VM operation: Cleanup
Event: 99.822 Executing VM operation: Cleanup done

Memory protections (0 events):
No events

Nmethod flushes (20 events):
Event: 79.353 Thread 0x0000022937752d50 flushing  nmethod 0x000002293b4d1210
Event: 79.353 Thread 0x0000022937752d50 flushing  nmethod 0x000002293b4d1790
Event: 79.353 Thread 0x0000022937752d50 flushing  nmethod 0x000002293b4d1b90
Event: 79.353 Thread 0x0000022937752d50 flushing  nmethod 0x000002293b4d2010
Event: 79.353 Thread 0x0000022937752d50 flushing  nmethod 0x000002293b4d2410
Event: 79.353 Thread 0x0000022937752d50 flushing  nmethod 0x000002293b4d2a10
Event: 79.353 Thread 0x0000022937752d50 flushing  nmethod 0x000002293b4d3010
Event: 79.353 Thread 0x0000022937752d50 flushing  nmethod 0x000002293b4d4990
Event: 79.353 Thread 0x0000022937752d50 flushing  nmethod 0x000002293b4f2d10
Event: 79.353 Thread 0x0000022937752d50 flushing  nmethod 0x000002293b50c790
Event: 79.353 Thread 0x0000022937752d50 flushing  nmethod 0x000002293b53ac10
Event: 79.353 Thread 0x0000022937752d50 flushing  nmethod 0x000002293b541510
Event: 79.353 Thread 0x0000022937752d50 flushing  nmethod 0x000002293b542410
Event: 79.353 Thread 0x0000022937752d50 flushing  nmethod 0x000002293b544110
Event: 79.353 Thread 0x0000022937752d50 flushing  nmethod 0x000002293b544990
Event: 79.353 Thread 0x0000022937752d50 flushing  nmethod 0x000002293b544d10
Event: 79.353 Thread 0x0000022937752d50 flushing  nmethod 0x000002293b54fd10
Event: 79.353 Thread 0x0000022937752d50 flushing  nmethod 0x000002293b559690
Event: 79.353 Thread 0x0000022937752d50 flushing  nmethod 0x000002293b55bf10
Event: 79.353 Thread 0x0000022937752d50 flushing  nmethod 0x000002293b568810

Events (20 events):
Event: 94.805 Thread 0x000002299916bf80 Thread exited: 0x000002299916bf80
Event: 94.805 Thread 0x0000022999169190 Thread exited: 0x0000022999169190
Event: 94.805 Thread 0x0000022999166a30 Thread exited: 0x0000022999166a30
Event: 94.805 Thread 0x00000229991670c0 Thread exited: 0x00000229991670c0
Event: 94.807 Thread 0x0000022999169820 Thread exited: 0x0000022999169820
Event: 95.053 Thread 0x000002299a974340 Thread exited: 0x000002299a974340
Event: 95.315 Thread 0x000002299a9735a0 Thread exited: 0x000002299a9735a0
Event: 95.740 Thread 0x000002299a972ed0 Thread exited: 0x000002299a972ed0
Event: 96.127 Thread 0x00000229905e77e0 Thread added: 0x000002299a974340
Event: 96.399 Thread 0x000002299a974340 Thread exited: 0x000002299a974340
Event: 96.519 Thread 0x00000229905e77e0 Thread added: 0x000002299a972ed0
Event: 97.022 Thread 0x000002299a972ed0 Thread exited: 0x000002299a972ed0
Event: 97.390 Thread 0x00000229905e77e0 Thread added: 0x000002299a972ed0
Event: 97.789 Thread 0x00000229905e77e0 Thread added: 0x000002299a9772f0
Event: 98.161 Thread 0x000002299a9772f0 Thread exited: 0x000002299a9772f0
Event: 99.034 Thread 0x0000022999169eb0 Thread added: 0x0000022998c352a0
Event: 99.561 Thread 0x000002299a9779c0 Thread added: 0x000002299a9772f0
Event: 99.677 Thread 0x0000022999169eb0 Thread added: 0x0000022998c35fc0
Event: 99.830 Thread 0x0000022998c35fc0 Thread added: 0x0000022998c36650
Event: 99.831 Thread 0x0000022998c35fc0 Thread added: 0x0000022998c36ce0


Dynamic libraries:
0x00007ff73c5e0000 - 0x00007ff73c5ee000 	c:\Users\JAKE\.cursor\extensions\redhat.java-1.45.0-win32-x64\jre\21.0.8-win32-x86_64\bin\java.exe
0x00007ffcbd240000 - 0x00007ffcbd4a9000 	C:\WINDOWS\SYSTEM32\ntdll.dll
0x00007ffcbc5b0000 - 0x00007ffcbc679000 	C:\WINDOWS\System32\KERNEL32.DLL
0x00007ffcba490000 - 0x00007ffcba883000 	C:\WINDOWS\System32\KERNELBASE.dll
0x00007ffcbabd0000 - 0x00007ffcbad1b000 	C:\WINDOWS\System32\ucrtbase.dll
0x00007ffc81b60000 - 0x00007ffc81b78000 	c:\Users\JAKE\.cursor\extensions\redhat.java-1.45.0-win32-x64\jre\21.0.8-win32-x86_64\bin\jli.dll
0x00007ffcbc780000 - 0x00007ffcbc944000 	C:\WINDOWS\System32\USER32.dll
0x00007ffcbaba0000 - 0x00007ffcbabc7000 	C:\WINDOWS\System32\win32u.dll
0x00007ffcbc750000 - 0x00007ffcbc77b000 	C:\WINDOWS\System32\GDI32.dll
0x00007ffcba890000 - 0x00007ffcba9bd000 	C:\WINDOWS\System32\gdi32full.dll
0x00007ffcbaa50000 - 0x00007ffcbaaf3000 	C:\WINDOWS\System32\msvcp_win.dll
0x00007ffc785a0000 - 0x00007ffc785be000 	c:\Users\JAKE\.cursor\extensions\redhat.java-1.45.0-win32-x64\jre\21.0.8-win32-x86_64\bin\VCRUNTIME140.dll
0x00007ffca6520000 - 0x00007ffca67b3000 	C:\WINDOWS\WinSxS\amd64_microsoft.windows.common-controls_6595b64144ccf1df_6.0.26100.5074_none_3e0d6f78e32fd63f\COMCTL32.dll
0x00007ffcbc6a0000 - 0x00007ffcbc749000 	C:\WINDOWS\System32\msvcrt.dll
0x00007ffcbc1e0000 - 0x00007ffcbc20f000 	C:\WINDOWS\System32\IMM32.DLL
0x00007ffca7950000 - 0x00007ffca795c000 	c:\Users\JAKE\.cursor\extensions\redhat.java-1.45.0-win32-x64\jre\21.0.8-win32-x86_64\bin\vcruntime140_1.dll
0x00007ffc38f70000 - 0x00007ffc38ffd000 	c:\Users\JAKE\.cursor\extensions\redhat.java-1.45.0-win32-x64\jre\21.0.8-win32-x86_64\bin\msvcp140.dll
0x00007ffbdee70000 - 0x00007ffbdfc07000 	c:\Users\JAKE\.cursor\extensions\redhat.java-1.45.0-win32-x64\jre\21.0.8-win32-x86_64\bin\server\jvm.dll
0x00007ffcbd090000 - 0x00007ffcbd144000 	C:\WINDOWS\System32\ADVAPI32.dll
0x00007ffcbd150000 - 0x00007ffcbd1f6000 	C:\WINDOWS\System32\sechost.dll
0x00007ffcbca70000 - 0x00007ffcbcb88000 	C:\WINDOWS\System32\RPCRT4.dll
0x00007ffcbb910000 - 0x00007ffcbb984000 	C:\WINDOWS\System32\WS2_32.dll
0x00007ffcba230000 - 0x00007ffcba28e000 	C:\WINDOWS\SYSTEM32\POWRPROF.dll
0x00007ffcb1e10000 - 0x00007ffcb1e45000 	C:\WINDOWS\SYSTEM32\WINMM.dll
0x00007ffca7800000 - 0x00007ffca780b000 	C:\WINDOWS\SYSTEM32\VERSION.dll
0x00007ffcba210000 - 0x00007ffcba224000 	C:\WINDOWS\SYSTEM32\UMPDC.dll
0x00007ffcb91b0000 - 0x00007ffcb91cb000 	C:\WINDOWS\SYSTEM32\kernel.appcore.dll
0x00007ffc9c090000 - 0x00007ffc9c09a000 	c:\Users\JAKE\.cursor\extensions\redhat.java-1.45.0-win32-x64\jre\21.0.8-win32-x86_64\bin\jimage.dll
0x00007ffca96b0000 - 0x00007ffca98f2000 	C:\WINDOWS\SYSTEM32\DBGHELP.DLL
0x00007ffcbc230000 - 0x00007ffcbc5ab000 	C:\WINDOWS\System32\combase.dll
0x00007ffcbce30000 - 0x00007ffcbcf07000 	C:\WINDOWS\System32\OLEAUT32.dll
0x00007ffc9fb30000 - 0x00007ffc9fb6d000 	C:\WINDOWS\SYSTEM32\dbgcore.DLL
0x00007ffcbab00000 - 0x00007ffcbab99000 	C:\WINDOWS\System32\bcryptPrimitives.dll
0x00007ffc9b960000 - 0x00007ffc9b96f000 	c:\Users\JAKE\.cursor\extensions\redhat.java-1.45.0-win32-x64\jre\21.0.8-win32-x86_64\bin\instrument.dll
0x00007ffc76a10000 - 0x00007ffc76a2f000 	c:\Users\JAKE\.cursor\extensions\redhat.java-1.45.0-win32-x64\jre\21.0.8-win32-x86_64\bin\java.dll
0x00007ffcbb1c0000 - 0x00007ffcbb90d000 	C:\WINDOWS\System32\SHELL32.dll
0x00007ffcbad20000 - 0x00007ffcbae8c000 	C:\WINDOWS\System32\wintypes.dll
0x00007ffcb8010000 - 0x00007ffcb8869000 	C:\WINDOWS\SYSTEM32\windows.storage.dll
0x00007ffcbbf30000 - 0x00007ffcbc020000 	C:\WINDOWS\System32\SHCORE.dll
0x00007ffcbd020000 - 0x00007ffcbd082000 	C:\WINDOWS\System32\shlwapi.dll
0x00007ffcba2f0000 - 0x00007ffcba319000 	C:\WINDOWS\SYSTEM32\profapi.dll
0x00007ffc980e0000 - 0x00007ffc980f8000 	c:\Users\JAKE\.cursor\extensions\redhat.java-1.45.0-win32-x64\jre\21.0.8-win32-x86_64\bin\zip.dll
0x00007ffca7fa0000 - 0x00007ffca7fb0000 	C:\Users\JAKE\.cursor\extensions\redhat.java-1.45.0-win32-x64\jre\21.0.8-win32-x86_64\bin\net.dll
0x00007ffcb17f0000 - 0x00007ffcb190f000 	C:\WINDOWS\SYSTEM32\WINHTTP.dll
0x00007ffcb9730000 - 0x00007ffcb979b000 	C:\WINDOWS\system32\mswsock.dll
0x00007ffc96ae0000 - 0x00007ffc96af6000 	C:\Users\JAKE\.cursor\extensions\redhat.java-1.45.0-win32-x64\jre\21.0.8-win32-x86_64\bin\nio.dll
0x00007ffc980d0000 - 0x00007ffc980e0000 	c:\Users\JAKE\.cursor\extensions\redhat.java-1.45.0-win32-x64\jre\21.0.8-win32-x86_64\bin\verify.dll
0x00007ffc5e010000 - 0x00007ffc5e054000 	C:\Users\JAKE\AppData\Roaming\Cursor\User\globalStorage\redhat.java\1.45.0\config_win\org.eclipse.equinox.launcher\org.eclipse.equinox.launcher.win32.win32.x86_64_1.2.1400.v20250801-0854\eclipse_11916.dll
0x00007ffcbc030000 - 0x00007ffcbc1c8000 	C:\WINDOWS\System32\ole32.dll
0x00007ffcb99d0000 - 0x00007ffcb99eb000 	C:\WINDOWS\SYSTEM32\CRYPTSP.dll
0x00007ffcb9110000 - 0x00007ffcb914b000 	C:\WINDOWS\system32\rsaenh.dll
0x00007ffcb97d0000 - 0x00007ffcb97fb000 	C:\WINDOWS\SYSTEM32\USERENV.dll
0x00007ffcba2c0000 - 0x00007ffcba2e6000 	C:\WINDOWS\SYSTEM32\bcrypt.dll
0x00007ffcb99f0000 - 0x00007ffcb99fc000 	C:\WINDOWS\SYSTEM32\CRYPTBASE.dll
0x00007ffcb8bb0000 - 0x00007ffcb8be4000 	C:\WINDOWS\SYSTEM32\IPHLPAPI.DLL
0x00007ffcbc680000 - 0x00007ffcbc68a000 	C:\WINDOWS\System32\NSI.dll
0x00007ffc5d2b0000 - 0x00007ffc5d2f9000 	C:\Users\JAKE\AppData\Local\Temp\jna-44295568\jna6829544908301721064.dll
0x00007ffcbc220000 - 0x00007ffcbc228000 	C:\WINDOWS\System32\PSAPI.DLL
0x00007ffcb1da0000 - 0x00007ffcb1dbe000 	C:\WINDOWS\SYSTEM32\dhcpcsvc6.DLL
0x00007ffcb1d70000 - 0x00007ffcb1d93000 	C:\WINDOWS\SYSTEM32\dhcpcsvc.DLL
0x00007ffc89b10000 - 0x00007ffc89b1e000 	C:\Users\JAKE\.cursor\extensions\redhat.java-1.45.0-win32-x64\jre\21.0.8-win32-x86_64\bin\sunmscapi.dll
0x00007ffcbae90000 - 0x00007ffcbb007000 	C:\WINDOWS\System32\CRYPT32.dll
0x00007ffcb9bf0000 - 0x00007ffcb9c20000 	C:\WINDOWS\SYSTEM32\ncrypt.dll
0x00007ffcb9ba0000 - 0x00007ffcb9bdf000 	C:\WINDOWS\SYSTEM32\NTASN1.dll
0x00007ffcb8ca0000 - 0x00007ffcb8dc6000 	C:\WINDOWS\SYSTEM32\DNSAPI.dll
0x00007ffcb1bc0000 - 0x00007ffcb1bcb000 	C:\Windows\System32\rasadhlp.dll
0x00007ffcb36f0000 - 0x00007ffcb3776000 	C:\WINDOWS\System32\fwpuclnt.dll
0x00007ffc88f60000 - 0x00007ffc88f69000 	C:\Users\JAKE\.cursor\extensions\redhat.java-1.45.0-win32-x64\jre\21.0.8-win32-x86_64\bin\extnet.dll
0x00007ffc693a0000 - 0x00007ffc693c7000 	C:\Users\JAKE\.gradle\native\1def1411415f61bf3af743bc5b6707747c0891f09f0c88961ee8f79bc544acac\windows-amd64\native-platform.dll
0x00007ffc97f50000 - 0x00007ffc97f5a000 	C:\Users\JAKE\.cursor\extensions\redhat.java-1.45.0-win32-x64\jre\21.0.8-win32-x86_64\bin\management.dll
0x00007ffc96ad0000 - 0x00007ffc96adb000 	C:\Users\JAKE\.cursor\extensions\redhat.java-1.45.0-win32-x64\jre\21.0.8-win32-x86_64\bin\management_ext.dll

JVMTI agents:
c:\Users\JAKE\.cursor\extensions\redhat.java-1.45.0-win32-x64\lombok\lombok-1.18.39-4050.jar path:c:\Users\JAKE\.cursor\extensions\redhat.java-1.45.0-win32-x64\jre\21.0.8-win32-x86_64\bin\instrument.dll, loaded, initialized, instrumentlib options:none

dbghelp: loaded successfully - version: 4.0.5 - missing functions: none
symbol engine: initialized successfully - sym options: 0x614 - pdb path: .;c:\Users\JAKE\.cursor\extensions\redhat.java-1.45.0-win32-x64\jre\21.0.8-win32-x86_64\bin;C:\WINDOWS\SYSTEM32;C:\WINDOWS\WinSxS\amd64_microsoft.windows.common-controls_6595b64144ccf1df_6.0.26100.5074_none_3e0d6f78e32fd63f;c:\Users\JAKE\.cursor\extensions\redhat.java-1.45.0-win32-x64\jre\21.0.8-win32-x86_64\bin\server;C:\Users\JAKE\AppData\Roaming\Cursor\User\globalStorage\redhat.java\1.45.0\config_win\org.eclipse.equinox.launcher\org.eclipse.equinox.launcher.win32.win32.x86_64_1.2.1400.v20250801-0854;C:\Users\JAKE\AppData\Local\Temp\jna-44295568;C:\Users\JAKE\.gradle\native\1def1411415f61bf3af743bc5b6707747c0891f09f0c88961ee8f79bc544acac\windows-amd64

VM Arguments:
jvm_args: --add-modules=ALL-SYSTEM --add-opens=java.base/java.util=ALL-UNNAMED --add-opens=java.base/java.lang=ALL-UNNAMED --add-opens=java.base/sun.nio.fs=ALL-UNNAMED -Declipse.application=org.eclipse.jdt.ls.core.id1 -Dosgi.bundles.defaultStartLevel=4 -Declipse.product=org.eclipse.jdt.ls.core.product -Djava.import.generatesMetadataFilesAtProjectRoot=false -DDetectVMInstallationsJob.disabled=true -Dfile.encoding=utf8 -XX:+UseParallelGC -XX:GCTimeRatio=4 -XX:AdaptiveSizePolicyWeight=90 -Dsun.zip.disableMemoryMapping=true -Xmx2G -Xms100m -Xlog:disable -javaagent:c:\Users\JAKE\.cursor\extensions\redhat.java-1.45.0-win32-x64\lombok\lombok-1.18.39-4050.jar -XX:+HeapDumpOnOutOfMemoryError -XX:HeapDumpPath=c:\Users\JAKE\AppData\Roaming\Cursor\User\workspaceStorage\b44df45563bb7b908325a1381907a55f\redhat.java -Daether.dependencyCollector.impl=bf 
java_command: c:\Users\JAKE\.cursor\extensions\redhat.java-1.45.0-win32-x64\server\plugins\org.eclipse.equinox.launcher_1.7.0.v20250519-0528.jar -configuration c:\Users\JAKE\AppData\Roaming\Cursor\User\globalStorage\redhat.java\1.45.0\config_win -data c:\Users\JAKE\AppData\Roaming\Cursor\User\workspaceStorage\b44df45563bb7b908325a1381907a55f\redhat.java\jdt_ws --pipe=\\.\pipe\lsp-105ff877e50bb0a57876f3d60de739ef-sock
java_class_path (initial): c:\Users\JAKE\.cursor\extensions\redhat.java-1.45.0-win32-x64\server\plugins\org.eclipse.equinox.launcher_1.7.0.v20250519-0528.jar
Launcher Type: SUN_STANDARD

[Global flags]
    uintx AdaptiveSizePolicyWeight                 = 90                                        {product} {command line}
     intx CICompilerCount                          = 12                                        {product} {ergonomic}
    uintx GCTimeRatio                              = 4                                         {product} {command line}
     bool HeapDumpOnOutOfMemoryError               = true                                   {manageable} {command line}
    ccstr HeapDumpPath                             = c:\Users\JAKE\AppData\Roaming\Cursor\User\workspaceStorage\b44df45563bb7b908325a1381907a55f\redhat.java         {manageable} {command line}
   size_t InitialHeapSize                          = 104857600                                 {product} {command line}
   size_t MaxHeapSize                              = 2147483648                                {product} {command line}
   size_t MaxNewSize                               = 715653120                                 {product} {ergonomic}
   size_t MinHeapDeltaBytes                        = 524288                                    {product} {ergonomic}
   size_t MinHeapSize                              = 104857600                                 {product} {command line}
   size_t NewSize                                  = 34603008                                  {product} {ergonomic}
    uintx NonNMethodCodeHeapSize                   = 7602480                                {pd product} {ergonomic}
    uintx NonProfiledCodeHeapSize                  = 122027880                              {pd product} {ergonomic}
   size_t OldSize                                  = 70254592                                  {product} {ergonomic}
    uintx ProfiledCodeHeapSize                     = 122027880                              {pd product} {ergonomic}
    uintx ReservedCodeCacheSize                    = 251658240                              {pd product} {ergonomic}
     bool SegmentedCodeCache                       = true                                      {product} {ergonomic}
   size_t SoftMaxHeapSize                          = 2147483648                             {manageable} {ergonomic}
     bool UseCompressedOops                        = true                           {product lp64_product} {ergonomic}
     bool UseLargePagesIndividualAllocation        = false                                  {pd product} {ergonomic}
     bool UseParallelGC                            = true                                      {product} {command line}

Logging:
Log output configuration:
 #0: stdout all=off uptime,level,tags foldmultilines=false
 #1: stderr all=off uptime,level,tags foldmultilines=false

Environment Variables:
JAVA_HOME=C:\Program Files\Java\jdk-17.0.10
CLASSPATH=C:\Program Files\Java\jdk-17.0.10\lib
PATH=C:\Python313\Scripts\;C:\Python313\;C:\WINDOWS\system32;C:\WINDOWS;C:\WINDOWS\System32\Wbem;C:\WINDOWS\System32\WindowsPowerShell\v1.0\;C:\WINDOWS\System32\OpenSSH\;C:\Program Files\PuTTY\;C:\Program Files (x86)\Windows Kits\10\Windows Performance Toolkit\;C:\Program Files\Git\cmd;C:\Users\\AppData\Roaming\nvm;C:\Program Files\nodejs;C:\Program Files\Java\jdk-17.0.10\bin;C:\Program Files\Google\Google Apps Migration\;C:\ProgramData\chocolatey\bin;C:\Program Files (x86)\cloudflared\;C:\Program Files\Docker\Docker\resources\bin;C:\Program Files\nodejs\;C:\platform-tools;C:\Program Files\Bandizip\;C:\Users\JAKE\AppData\Local\Programs\Python\Launcher\;C:\Users\JAKE\AppData\Local\Microsoft\WindowsApps;C:\Users\JAKE\AppData\Local\Programs\Microsoft VS Code\bin;C:\Program Files\JetBrains\IntelliJ IDEA 2024.3.4.1\bin;;C:\Users\\AppData\Roaming\nvm;C:\Program Files\nodejs;;C:\Program Files\JetBrains\IntelliJ IDEA Community Edition 2024.3.4.1\bin;;C:\Users\JAKE\AppData\Roaming\npm;C:\Users\JAKE\AppData\Local\Programs\cursor\resources\app\bin
USERNAME=
OS=Windows_NT
PROCESSOR_IDENTIFIER=Intel64 Family 6 Model 186 Stepping 2, GenuineIntel
TMP=C:\Users\JAKE\AppData\Local\Temp
TEMP=C:\Users\JAKE\AppData\Local\Temp




Periodic native trim disabled

---------------  S Y S T E M  ---------------

OS:
 Windows 11 , 64 bit Build 26100 (10.0.26100.5074)
OS uptime: 1 days 11:48 hours
Hyper-V role detected

CPU: total 16 (initial active 16) (8 cores per cpu, 2 threads per core) family 6 model 186 stepping 2 microcode 0x410e, cx8, cmov, fxsr, ht, mmx, 3dnowpref, sse, sse2, sse3, ssse3, sse4.1, sse4.2, popcnt, lzcnt, tsc, tscinvbit, avx, avx2, aes, erms, clmul, bmi1, bmi2, adx, sha, fma, vzeroupper, clflush, clflushopt, clwb, hv, serialize, rdtscp, rdpid, fsrm, f16c, cet_ibt, cet_ss
Processor Information for processor 0
  Max Mhz: 2200, Current Mhz: 2037, Mhz Limit: 2024
Processor Information for processor 1
  Max Mhz: 2200, Current Mhz: 2037, Mhz Limit: 2024
Processor Information for processor 2
  Max Mhz: 2200, Current Mhz: 2037, Mhz Limit: 2024
Processor Information for processor 3
  Max Mhz: 2200, Current Mhz: 2037, Mhz Limit: 2024
Processor Information for processor 4
  Max Mhz: 2200, Current Mhz: 2037, Mhz Limit: 2024
Processor Information for processor 5
  Max Mhz: 2200, Current Mhz: 2037, Mhz Limit: 2024
Processor Information for processor 6
  Max Mhz: 2200, Current Mhz: 2037, Mhz Limit: 2024
Processor Information for processor 7
  Max Mhz: 2200, Current Mhz: 2037, Mhz Limit: 2024
Processor Information for processor 8
  Max Mhz: 2200, Current Mhz: 1400, Mhz Limit: 1386
Processor Information for processor 9
  Max Mhz: 2200, Current Mhz: 1400, Mhz Limit: 1386
Processor Information for processor 10
  Max Mhz: 2200, Current Mhz: 1400, Mhz Limit: 1386
Processor Information for processor 11
  Max Mhz: 2200, Current Mhz: 1400, Mhz Limit: 1386
Processor Information for processor 12
  Max Mhz: 2200, Current Mhz: 1400, Mhz Limit: 1386
Processor Information for processor 13
  Max Mhz: 2200, Current Mhz: 1400, Mhz Limit: 1386
Processor Information for processor 14
  Max Mhz: 2200, Current Mhz: 1400, Mhz Limit: 1386
Processor Information for processor 15
  Max Mhz: 2200, Current Mhz: 1400, Mhz Limit: 1386

Memory: 4k page, system-wide physical 16066M (1575M free)
TotalPageFile size 33763M (AvailPageFile size 58M)
current process WorkingSet (physical memory assigned to process): 384M, peak: 403M
current process commit charge ("private bytes"): 472M, peak: 489M

vm_info: OpenJDK 64-Bit Server VM (21.0.8+9-LTS) for windows-amd64 JRE (21.0.8+9-LTS), built on 2025-07-15T00:00:00Z by "admin" with MS VC++ 17.7 (VS2022)

END.
