#
# There is insufficient memory for the Java Runtime Environment to continue.
# Native memory allocation (malloc) failed to allocate 2132976 bytes. Error detail: Chunk::new
# Possible reasons:
#   The system is out of physical RAM or swap space
#   This process is running with CompressedOops enabled, and the Java Heap may be blocking the growth of the native heap
# Possible solutions:
#   Reduce memory load on the system
#   Increase physical memory or swap space
#   Check if swap backing store is full
#   Decrease Java heap size (-Xmx/-Xms)
#   Decrease number of Java threads
#   Decrease Java thread stack sizes (-Xss)
#   Set larger code cache with -XX:ReservedCodeCacheSize=
#   JVM is running with Unscaled Compressed Oops mode in which the Java heap is
#     placed in the first 4GB address space. The Java Heap base address is the
#     maximum limit for the native heap growth. Please use -XX:HeapBaseMinAddress
#     to set the Java Heap base and to place the Java Heap above 4GB virtual address.
# This output file may be truncated or incomplete.
#
#  Out of Memory Error (arena.cpp:168), pid=12612, tid=29348
#
# JRE version: OpenJDK Runtime Environment Temurin-21.0.8+9 (21.0.8+9) (build 21.0.8+9-LTS)
# Java VM: OpenJDK 64-Bit Server VM Temurin-21.0.8+9 (21.0.8+9-LTS, mixed mode, sharing, tiered, compressed oops, compressed class ptrs, parallel gc, windows-amd64)
# No core dump will be written. Minidumps are not enabled by default on client versions of Windows
#

---------------  S U M M A R Y ------------

Command Line: --add-modules=ALL-SYSTEM --add-opens=java.base/java.util=ALL-UNNAMED --add-opens=java.base/java.lang=ALL-UNNAMED --add-opens=java.base/sun.nio.fs=ALL-UNNAMED -Declipse.application=org.eclipse.jdt.ls.core.id1 -Dosgi.bundles.defaultStartLevel=4 -Declipse.product=org.eclipse.jdt.ls.core.product -Djava.import.generatesMetadataFilesAtProjectRoot=false -DDetectVMInstallationsJob.disabled=true -Dfile.encoding=utf8 -XX:+UseParallelGC -XX:GCTimeRatio=4 -XX:AdaptiveSizePolicyWeight=90 -Dsun.zip.disableMemoryMapping=true -Xmx2G -Xms100m -Xlog:disable -javaagent:c:\Users\JAKE\.cursor\extensions\redhat.java-1.45.0-win32-x64\lombok\lombok-1.18.39-4050.jar -XX:+HeapDumpOnOutOfMemoryError -XX:HeapDumpPath=c:\Users\JAKE\AppData\Roaming\Cursor\User\workspaceStorage\b44df45563bb7b908325a1381907a55f\redhat.java -Daether.dependencyCollector.impl=bf c:\Users\JAKE\.cursor\extensions\redhat.java-1.45.0-win32-x64\server\plugins\org.eclipse.equinox.launcher_1.7.0.v20250519-0528.jar -configuration c:\Users\JAKE\AppData\Roaming\Cursor\User\globalStorage\redhat.java\1.45.0\config_win -data c:\Users\JAKE\AppData\Roaming\Cursor\User\workspaceStorage\b44df45563bb7b908325a1381907a55f\redhat.java\jdt_ws --pipe=\\.\pipe\lsp-594b543a14a915eda2ef8d124890df7f-sock

Host: 13th Gen Intel(R) Core(TM) i5-1340P, 16 cores, 15G,  Windows 11 , 64 bit Build 26100 (10.0.26100.5074)
Time: Fri Oct  3 14:51:11 2025 elapsed time: 17.323062 seconds (0d 0h 0m 17s)

---------------  T H R E A D  ---------------

Current thread (0x0000014c3dfafa10):  JavaThread "C2 CompilerThread0" daemon [_thread_in_native, id=29348, stack(0x0000000431500000,0x0000000431600000) (1024K)]


Current CompileTask:
C2:17323 4651       4       org.lombokweb.asm.ClassReader::readMethod (1070 bytes)

Stack: [0x0000000431500000,0x0000000431600000]
Native frames: (J=compiled Java code, j=interpreted, Vv=VM code, C=native code)
V  [jvm.dll+0x6d2449]
V  [jvm.dll+0x8ae341]
V  [jvm.dll+0x8b08be]
V  [jvm.dll+0x8b0fa3]
V  [jvm.dll+0x280c96]
V  [jvm.dll+0xc581d]
V  [jvm.dll+0xc5d53]
V  [jvm.dll+0x3b9162]
V  [jvm.dll+0x1e1409]
V  [jvm.dll+0x249022]
V  [jvm.dll+0x2484af]
V  [jvm.dll+0x1c89ee]
V  [jvm.dll+0x257d4d]
V  [jvm.dll+0x2562ea]
V  [jvm.dll+0x3f2d16]
V  [jvm.dll+0x857e6b]
V  [jvm.dll+0x6d0b0d]
C  [ucrtbase.dll+0x37b0]
C  [KERNEL32.DLL+0x2e8d7]
C  [ntdll.dll+0x8d9c]


---------------  P R O C E S S  ---------------

Threads class SMR info:
_java_thread_list=0x0000014c9d835b50, length=31, elements={
0x0000014c3defd8f0, 0x0000014c54996560, 0x0000014c96d4f4c0, 0x0000014c96d538d0,
0x0000014c96d54c80, 0x0000014c96d545f0, 0x0000014c96d559a0, 0x0000014c3dfafa10,
0x0000014c3dfb08d0, 0x0000014c96d56030, 0x0000014c96d52bb0, 0x0000014c96d53240,
0x0000014c96d55310, 0x0000014c9d480490, 0x0000014c9d480b20, 0x0000014c9d4811b0,
0x0000014c9d481840, 0x0000014c9d482560, 0x0000014c9d482bf0, 0x0000014c9d47f770,
0x0000014c9d47fe00, 0x0000014c9d483280, 0x0000014c9d485350, 0x0000014c9869d3b0,
0x0000014c9869b870, 0x0000014c9869da80, 0x0000014c9d486070, 0x0000014c9d4859e0,
0x0000014c9d483910, 0x0000014c9d483fa0, 0x0000014c9869e150
}

Java Threads: ( => current thread )
  0x0000014c3defd8f0 JavaThread "main"                              [_thread_blocked, id=39928, stack(0x0000000430b00000,0x0000000430c00000) (1024K)]
  0x0000014c54996560 JavaThread "Reference Handler"          daemon [_thread_blocked, id=7604, stack(0x0000000430f00000,0x0000000431000000) (1024K)]
  0x0000014c96d4f4c0 JavaThread "Finalizer"                  daemon [_thread_blocked, id=3600, stack(0x0000000431000000,0x0000000431100000) (1024K)]
  0x0000014c96d538d0 JavaThread "Signal Dispatcher"          daemon [_thread_blocked, id=24996, stack(0x0000000431100000,0x0000000431200000) (1024K)]
  0x0000014c96d54c80 JavaThread "Attach Listener"            daemon [_thread_blocked, id=31900, stack(0x0000000431200000,0x0000000431300000) (1024K)]
  0x0000014c96d545f0 JavaThread "Service Thread"             daemon [_thread_blocked, id=35140, stack(0x0000000431300000,0x0000000431400000) (1024K)]
  0x0000014c96d559a0 JavaThread "Monitor Deflation Thread"   daemon [_thread_blocked, id=13288, stack(0x0000000431400000,0x0000000431500000) (1024K)]
=>0x0000014c3dfafa10 JavaThread "C2 CompilerThread0"         daemon [_thread_in_native, id=29348, stack(0x0000000431500000,0x0000000431600000) (1024K)]
  0x0000014c3dfb08d0 JavaThread "C1 CompilerThread0"         daemon [_thread_in_native, id=33376, stack(0x0000000431600000,0x0000000431700000) (1024K)]
  0x0000014c96d56030 JavaThread "Common-Cleaner"             daemon [_thread_blocked, id=29588, stack(0x0000000431800000,0x0000000431900000) (1024K)]
  0x0000014c96d52bb0 JavaThread "Notification Thread"        daemon [_thread_blocked, id=11464, stack(0x0000000431a00000,0x0000000431b00000) (1024K)]
  0x0000014c96d53240 JavaThread "Active Thread: Equinox Container: 0b25f4e1-294d-445c-acda-4978b4d54abb"        [_thread_blocked, id=16352, stack(0x0000000431b00000,0x0000000431c00000) (1024K)]
  0x0000014c96d55310 JavaThread "Refresh Thread: Equinox Container: 0b25f4e1-294d-445c-acda-4978b4d54abb" daemon [_thread_blocked, id=30820, stack(0x0000000432300000,0x0000000432400000) (1024K)]
  0x0000014c9d480490 JavaThread "Framework Event Dispatcher: Equinox Container: 0b25f4e1-294d-445c-acda-4978b4d54abb" daemon [_thread_blocked, id=38568, stack(0x0000000432400000,0x0000000432500000) (1024K)]
  0x0000014c9d480b20 JavaThread "Start Level: Equinox Container: 0b25f4e1-294d-445c-acda-4978b4d54abb" daemon [_thread_in_vm, id=7696, stack(0x0000000432500000,0x0000000432600000) (1024K)]
  0x0000014c9d4811b0 JavaThread "Bundle File Closer"         daemon [_thread_blocked, id=27440, stack(0x0000000432c00000,0x0000000432d00000) (1024K)]
  0x0000014c9d481840 JavaThread "SCR Component Actor"        daemon [_thread_blocked, id=39080, stack(0x0000000432600000,0x0000000432700000) (1024K)]
  0x0000014c9d482560 JavaThread "Worker-JM"                         [_thread_blocked, id=33544, stack(0x0000000432d00000,0x0000000432e00000) (1024K)]
  0x0000014c9d482bf0 JavaThread "JNA Cleaner"                daemon [_thread_blocked, id=37392, stack(0x0000000431700000,0x0000000431800000) (1024K)]
  0x0000014c9d47f770 JavaThread "Worker-0: Repository registry initialization"        [_thread_blocked, id=14540, stack(0x0000000433000000,0x0000000433100000) (1024K)]
  0x0000014c9d47fe00 JavaThread "Worker-1: Refreshing workspace"        [_thread_in_Java, id=18436, stack(0x0000000431900000,0x0000000431a00000) (1024K)]
  0x0000014c9d483280 JavaThread "SCR Component Registry"     daemon [_thread_blocked, id=30176, stack(0x0000000432700000,0x0000000432800000) (1024K)]
  0x0000014c9d485350 JavaThread "Worker-2: Updating Maven Dependencies"        [_thread_in_vm, id=35080, stack(0x0000000432e00000,0x0000000432f00000) (1024K)]
  0x0000014c9869d3b0 JavaThread "C1 CompilerThread1"         daemon [_thread_in_native, id=272, stack(0x0000000433100000,0x0000000433200000) (1024K)]
  0x0000014c9869b870 JavaThread "C2 CompilerThread1"         daemon [_thread_in_native, id=35800, stack(0x0000000433200000,0x0000000433300000) (1024K)]
  0x0000014c9869da80 JavaThread "C2 CompilerThread2"         daemon [_thread_in_native, id=39428, stack(0x0000000433300000,0x0000000433400000) (1024K)]
  0x0000014c9d486070 JavaThread "Worker-3: Updating workspace"        [_thread_blocked, id=39788, stack(0x0000000433400000,0x0000000433500000) (1024K)]
  0x0000014c9d4859e0 JavaThread "Worker-4: Processing Java changes since last activation"        [_thread_blocked, id=25128, stack(0x0000000433500000,0x0000000433600000) (1024K)]
  0x0000014c9d483910 JavaThread "Java indexing"              daemon [_thread_blocked, id=21124, stack(0x0000000433600000,0x0000000433700000) (1024K)]
  0x0000014c9d483fa0 JavaThread "Worker-5"                          [_thread_blocked, id=15608, stack(0x0000000433700000,0x0000000433800000) (1024K)]
  0x0000014c9869e150 JavaThread "C2 CompilerThread3"         daemon [_thread_in_native, id=14428, stack(0x0000000433800000,0x0000000433900000) (1024K)]
Total: 31

Other Threads:
  0x0000014c3df9e790 VMThread "VM Thread"                           [id=10200, stack(0x0000000430e00000,0x0000000430f00000) (1024K)]
  0x0000014c5487ca00 WatcherThread "VM Periodic Task Thread"        [id=30776, stack(0x0000000430d00000,0x0000000430e00000) (1024K)]
  0x0000014c3df1b050 WorkerThread "GC Thread#0"                     [id=30708, stack(0x0000000430c00000,0x0000000430d00000) (1024K)]
  0x0000014c98c10210 WorkerThread "GC Thread#1"                     [id=38092, stack(0x0000000431c00000,0x0000000431d00000) (1024K)]
  0x0000014c98c105b0 WorkerThread "GC Thread#2"                     [id=36048, stack(0x0000000431d00000,0x0000000431e00000) (1024K)]
  0x0000014c98c10950 WorkerThread "GC Thread#3"                     [id=36144, stack(0x0000000431e00000,0x0000000431f00000) (1024K)]
  0x0000014c98c10cf0 WorkerThread "GC Thread#4"                     [id=38704, stack(0x0000000431f00000,0x0000000432000000) (1024K)]
  0x0000014c98def230 WorkerThread "GC Thread#5"                     [id=26904, stack(0x0000000432000000,0x0000000432100000) (1024K)]
  0x0000014c98def5d0 WorkerThread "GC Thread#6"                     [id=31660, stack(0x0000000432100000,0x0000000432200000) (1024K)]
  0x0000014c9d0183d0 WorkerThread "GC Thread#7"                     [id=18472, stack(0x0000000432200000,0x0000000432300000) (1024K)]
  0x0000014c9d2706f0 WorkerThread "GC Thread#8"                     [id=18400, stack(0x0000000432900000,0x0000000432a00000) (1024K)]
  0x0000014c9d270a90 WorkerThread "GC Thread#9"                     [id=17192, stack(0x0000000432a00000,0x0000000432b00000) (1024K)]
  0x0000014c9d26f870 WorkerThread "GC Thread#10"                    [id=16132, stack(0x0000000432b00000,0x0000000432c00000) (1024K)]
  0x0000014c9d26ffb0 WorkerThread "GC Thread#11"                    [id=29256, stack(0x0000000432800000,0x0000000432900000) (1024K)]
  0x0000014c9d270350 WorkerThread "GC Thread#12"                    [id=37264, stack(0x0000000432f00000,0x0000000433000000) (1024K)]
Total: 15

Threads with active compile tasks:
C2 CompilerThread0  17375 4651       4       org.lombokweb.asm.ClassReader::readMethod (1070 bytes)
C1 CompilerThread0  17375 4974       3       org.eclipse.core.internal.watson.ElementTreeIterator::requestPath (100 bytes)
C1 CompilerThread1  17375 4972       3       org.eclipse.core.runtime.Path::getFileExtension (42 bytes)
C2 CompilerThread1  17375 4848   !   4       org.eclipse.osgi.internal.loader.classpath.ClasspathManager::findClassImpl (343 bytes)
C2 CompilerThread2  17375 4890       4       java.util.Properties::loadConvert (540 bytes)
C2 CompilerThread3  17376 4942       4       java.util.Collections$UnmodifiableMap::getOrDefault (12 bytes)
Total: 6

VM state: not at safepoint (normal execution)

VM Mutex/Monitor currently owned by a thread: None

Heap address: 0x0000000080000000, size: 2048 MB, Compressed Oops mode: 32-bit

CDS archive(s) mapped at: [0x0000014c55000000-0x0000014c55ba0000-0x0000014c55ba0000), size 12189696, SharedBaseAddress: 0x0000014c55000000, ArchiveRelocationMode: 1.
Compressed class space mapped at: 0x0000014c56000000-0x0000014c96000000, reserved size: 1073741824
Narrow klass base: 0x0000014c55000000, Narrow klass shift: 0, Narrow klass range: 0x100000000

GC Precious Log:
 CardTable entry size: 512
 CPUs: 16 total, 16 available
 Memory: 16066M
 Large Page Support: Disabled
 NUMA Support: Disabled
 Compressed Oops: Enabled (32-bit)
 Alignments: Space 512K, Generation 512K, Heap 2M
 Heap Min Capacity: 100M
 Heap Initial Capacity: 100M
 Heap Max Capacity: 2G
 Pre-touch: Disabled
 Parallel Workers: 13

Heap:
 PSYoungGen      total 18432K, used 9597K [0x00000000d5580000, 0x00000000d6b00000, 0x0000000100000000)
  eden space 17920K, 50% used [0x00000000d5580000,0x00000000d5e5f518,0x00000000d6700000)
  from space 512K, 100% used [0x00000000d6a80000,0x00000000d6b00000,0x00000000d6b00000)
  to   space 1536K, 0% used [0x00000000d6800000,0x00000000d6800000,0x00000000d6980000)
 ParOldGen       total 68608K, used 24710K [0x0000000080000000, 0x0000000084300000, 0x00000000d5580000)
  object space 68608K, 36% used [0x0000000080000000,0x0000000081821a48,0x0000000084300000)
 Metaspace       used 31430K, committed 32384K, reserved 1114112K
  class space    used 3111K, committed 3520K, reserved 1048576K

Card table byte_map: [0x0000014c3d8c0000,0x0000014c3dcd0000] _byte_map_base: 0x0000014c3d4c0000

Marking Bits: (ParMarkBitMap*) 0x00007ffbdfb2a340
 Begin Bits: [0x0000014c503a0000, 0x0000014c523a0000)
 End Bits:   [0x0000014c523a0000, 0x0000014c543a0000)

Polling page: 0x0000014c3bff0000

Metaspace:

Usage:
  Non-class:     27.66 MB used.
      Class:      3.04 MB used.
       Both:     30.69 MB used.

Virtual space:
  Non-class space:       64.00 MB reserved,      28.19 MB ( 44%) committed,  1 nodes.
      Class space:        1.00 GB reserved,       3.44 MB ( <1%) committed,  1 nodes.
             Both:        1.06 GB reserved,      31.62 MB (  3%) committed. 

Chunk freelists:
   Non-Class:  3.66 MB
       Class:  12.59 MB
        Both:  16.25 MB

MaxMetaspaceSize: unlimited
CompressedClassSpaceSize: 1.00 GB
Initial GC threshold: 21.00 MB
Current GC threshold: 35.00 MB
CDS: on
 - commit_granule_bytes: 65536.
 - commit_granule_words: 8192.
 - virtual_space_node_default_size: 8388608.
 - enlarge_chunks_in_place: 1.
 - use_allocation_guard: 0.


Internal statistics:

num_allocs_failed_limit: 3.
num_arena_births: 728.
num_arena_deaths: 14.
num_vsnodes_births: 2.
num_vsnodes_deaths: 0.
num_space_committed: 506.
num_space_uncommitted: 0.
num_chunks_returned_to_freelist: 17.
num_chunks_taken_from_freelist: 2003.
num_chunk_merges: 8.
num_chunk_splits: 1287.
num_chunks_enlarged: 805.
num_inconsistent_stats: 0.

CodeHeap 'non-profiled nmethods': size=119168Kb used=2365Kb max_used=2365Kb free=116802Kb
 bounds [0x0000014c48c90000, 0x0000014c48f00000, 0x0000014c500f0000]
CodeHeap 'profiled nmethods': size=119104Kb used=10644Kb max_used=10644Kb free=108459Kb
 bounds [0x0000014c410f0000, 0x0000014c41b60000, 0x0000014c48540000]
CodeHeap 'non-nmethods': size=7488Kb used=1937Kb max_used=2981Kb free=5550Kb
 bounds [0x0000014c48540000, 0x0000014c48830000, 0x0000014c48c90000]
CodeCache: size=245760Kb, used=14946Kb, max_used=15990Kb, free=230811Kb
 total_blobs=5605, nmethods=4959, adapters=549, full_count=0
Compilation: enabled, stopped_count=0, restarted_count=0

Compilation events (20 events):
Event: 17.166 Thread 0x0000014c9869d3b0 4946       3       java.lang.invoke.MethodHandleImpl::makePairwiseConvertByEditor (617 bytes)
Event: 17.168 Thread 0x0000014c9869e150 nmethod 4908 0x0000014c48edc390 code [0x0000014c48edc520, 0x0000014c48edc5f0]
Event: 17.169 Thread 0x0000014c9869e150 4944       4       java.util.HashSet::add (20 bytes)
Event: 17.178 Thread 0x0000014c3dfb08d0 4948   !   3       org.eclipse.osgi.internal.loader.SystemBundleLoader::findLocalClass (12 bytes)
Event: 17.179 Thread 0x0000014c3dfb08d0 nmethod 4948 0x0000014c41b44d10 code [0x0000014c41b44ec0, 0x0000014c41b450e0]
Event: 17.181 Thread 0x0000014c9869d3b0 nmethod 4946 0x0000014c41b45210 code [0x0000014c41b45a00, 0x0000014c41b4a890]
Event: 17.248 Thread 0x0000014c3dfb08d0 4950       3       java.lang.Character$UnicodeBlock::<init> (17 bytes)
Event: 17.248 Thread 0x0000014c9869d3b0 4951       3       java.lang.Character$Subset::<init> (24 bytes)
Event: 17.250 Thread 0x0000014c9869d3b0 nmethod 4951 0x0000014c41b4c790 code [0x0000014c41b4c940, 0x0000014c41b4cbc8]
Event: 17.250 Thread 0x0000014c3dfb08d0 nmethod 4950 0x0000014c41b4cd10 code [0x0000014c41b4cf00, 0x0000014c41b4d360]
Event: 17.268 Thread 0x0000014c9869d3b0 4952       3       java.util.stream.ReferencePipeline::findFirst (12 bytes)
Event: 17.270 Thread 0x0000014c9869d3b0 nmethod 4952 0x0000014c41b4d510 code [0x0000014c41b4d6e0, 0x0000014c41b4d998]
Event: 17.280 Thread 0x0000014c3dfb08d0 4953       3       org.eclipse.osgi.internal.framework.FilterImpl::newInstance (12 bytes)
Event: 17.280 Thread 0x0000014c9869d3b0 4954       3       org.eclipse.osgi.internal.framework.FilterImpl$Parser::<init> (23 bytes)
Event: 17.282 Thread 0x0000014c9869d3b0 nmethod 4954 0x0000014c41b4da90 code [0x0000014c41b4dc60, 0x0000014c41b4dfe0]
Event: 17.282 Thread 0x0000014c3dfb08d0 nmethod 4953 0x0000014c41b4e190 code [0x0000014c41b4e380, 0x0000014c41b4e7d8]
Event: 17.283 Thread 0x0000014c9869d3b0 4955   !   3       org.eclipse.osgi.internal.framework.FilterImpl$Parser::parse (68 bytes)
Event: 17.286 Thread 0x0000014c9869d3b0 nmethod 4955 0x0000014c41b4e990 code [0x0000014c41b4ebe0, 0x0000014c41b4f328]
Event: 17.298 Thread 0x0000014c9869d3b0 4956       3       java.lang.ClassLoader::definePackage (53 bytes)
Event: 17.300 Thread 0x0000014c9869d3b0 nmethod 4956 0x0000014c41b4f690 code [0x0000014c41b4f8a0, 0x0000014c41b4fe00]

GC Heap History (20 events):
Event: 10.518 GC heap before
{Heap before GC invocations=6 (full 0):
 PSYoungGen      total 29184K, used 29176K [0x00000000d5580000, 0x00000000d7a00000, 0x0000000100000000)
  eden space 25088K, 100% used [0x00000000d5580000,0x00000000d6e00000,0x00000000d6e00000)
  from space 4096K, 99% used [0x00000000d6e80000,0x00000000d727e388,0x00000000d7280000)
  to   space 6144K, 0% used [0x00000000d7400000,0x00000000d7400000,0x00000000d7a00000)
 ParOldGen       total 68608K, used 7908K [0x0000000080000000, 0x0000000084300000, 0x00000000d5580000)
  object space 68608K, 11% used [0x0000000080000000,0x00000000807b9378,0x0000000084300000)
 Metaspace       used 15980K, committed 16576K, reserved 1114112K
  class space    used 1629K, committed 1920K, reserved 1048576K
}
Event: 10.534 GC heap after
{Heap after GC invocations=6 (full 0):
 PSYoungGen      total 24064K, used 6116K [0x00000000d5580000, 0x00000000d8780000, 0x0000000100000000)
  eden space 17920K, 0% used [0x00000000d5580000,0x00000000d5580000,0x00000000d6700000)
  from space 6144K, 99% used [0x00000000d7400000,0x00000000d79f9318,0x00000000d7a00000)
  to   space 13312K, 0% used [0x00000000d6700000,0x00000000d6700000,0x00000000d7400000)
 ParOldGen       total 68608K, used 13700K [0x0000000080000000, 0x0000000084300000, 0x00000000d5580000)
  object space 68608K, 19% used [0x0000000080000000,0x0000000080d61388,0x0000000084300000)
 Metaspace       used 15980K, committed 16576K, reserved 1114112K
  class space    used 1629K, committed 1920K, reserved 1048576K
}
Event: 13.087 GC heap before
{Heap before GC invocations=7 (full 0):
 PSYoungGen      total 24064K, used 24036K [0x00000000d5580000, 0x00000000d8780000, 0x0000000100000000)
  eden space 17920K, 100% used [0x00000000d5580000,0x00000000d6700000,0x00000000d6700000)
  from space 6144K, 99% used [0x00000000d7400000,0x00000000d79f9318,0x00000000d7a00000)
  to   space 13312K, 0% used [0x00000000d6700000,0x00000000d6700000,0x00000000d7400000)
 ParOldGen       total 68608K, used 13700K [0x0000000080000000, 0x0000000084300000, 0x00000000d5580000)
  object space 68608K, 19% used [0x0000000080000000,0x0000000080d61388,0x0000000084300000)
 Metaspace       used 17618K, committed 18240K, reserved 1114112K
  class space    used 1803K, committed 2048K, reserved 1048576K
}
Event: 13.098 GC heap after
{Heap after GC invocations=7 (full 0):
 PSYoungGen      total 24576K, used 6216K [0x00000000d5580000, 0x00000000d7800000, 0x0000000100000000)
  eden space 17920K, 0% used [0x00000000d5580000,0x00000000d5580000,0x00000000d6700000)
  from space 6656K, 93% used [0x00000000d6700000,0x00000000d6d120b8,0x00000000d6d80000)
  to   space 8704K, 0% used [0x00000000d6f80000,0x00000000d6f80000,0x00000000d7800000)
 ParOldGen       total 68608K, used 15463K [0x0000000080000000, 0x0000000084300000, 0x00000000d5580000)
  object space 68608K, 22% used [0x0000000080000000,0x0000000080f19c88,0x0000000084300000)
 Metaspace       used 17618K, committed 18240K, reserved 1114112K
  class space    used 1803K, committed 2048K, reserved 1048576K
}
Event: 14.440 GC heap before
{Heap before GC invocations=8 (full 0):
 PSYoungGen      total 24576K, used 24136K [0x00000000d5580000, 0x00000000d7800000, 0x0000000100000000)
  eden space 17920K, 100% used [0x00000000d5580000,0x00000000d6700000,0x00000000d6700000)
  from space 6656K, 93% used [0x00000000d6700000,0x00000000d6d120b8,0x00000000d6d80000)
  to   space 8704K, 0% used [0x00000000d6f80000,0x00000000d6f80000,0x00000000d7800000)
 ParOldGen       total 68608K, used 15463K [0x0000000080000000, 0x0000000084300000, 0x00000000d5580000)
  object space 68608K, 22% used [0x0000000080000000,0x0000000080f19c88,0x0000000084300000)
 Metaspace       used 19463K, committed 20288K, reserved 1114112K
  class space    used 1990K, committed 2304K, reserved 1048576K
}
Event: 14.447 GC heap after
{Heap after GC invocations=8 (full 0):
 PSYoungGen      total 24576K, used 6296K [0x00000000d5580000, 0x00000000d7600000, 0x0000000100000000)
  eden space 17920K, 0% used [0x00000000d5580000,0x00000000d5580000,0x00000000d6700000)
  from space 6656K, 94% used [0x00000000d6f80000,0x00000000d75a60a0,0x00000000d7600000)
  to   space 6656K, 0% used [0x00000000d6700000,0x00000000d6700000,0x00000000d6d80000)
 ParOldGen       total 68608K, used 15850K [0x0000000080000000, 0x0000000084300000, 0x00000000d5580000)
  object space 68608K, 23% used [0x0000000080000000,0x0000000080f7a9a8,0x0000000084300000)
 Metaspace       used 19463K, committed 20288K, reserved 1114112K
  class space    used 1990K, committed 2304K, reserved 1048576K
}
Event: 14.968 GC heap before
{Heap before GC invocations=9 (full 0):
 PSYoungGen      total 24576K, used 18893K [0x00000000d5580000, 0x00000000d7600000, 0x0000000100000000)
  eden space 17920K, 70% used [0x00000000d5580000,0x00000000d61cd670,0x00000000d6700000)
  from space 6656K, 94% used [0x00000000d6f80000,0x00000000d75a60a0,0x00000000d7600000)
  to   space 6656K, 0% used [0x00000000d6700000,0x00000000d6700000,0x00000000d6d80000)
 ParOldGen       total 68608K, used 15850K [0x0000000080000000, 0x0000000084300000, 0x00000000d5580000)
  object space 68608K, 23% used [0x0000000080000000,0x0000000080f7a9a8,0x0000000084300000)
 Metaspace       used 20689K, committed 21504K, reserved 1114112K
  class space    used 2146K, committed 2496K, reserved 1048576K
}
Event: 14.976 GC heap after
{Heap after GC invocations=9 (full 0):
 PSYoungGen      total 21504K, used 3530K [0x00000000d5580000, 0x00000000d7000000, 0x0000000100000000)
  eden space 17920K, 0% used [0x00000000d5580000,0x00000000d5580000,0x00000000d6700000)
  from space 3584K, 98% used [0x00000000d6700000,0x00000000d6a72ac8,0x00000000d6a80000)
  to   space 4608K, 0% used [0x00000000d6b80000,0x00000000d6b80000,0x00000000d7000000)
 ParOldGen       total 68608K, used 19216K [0x0000000080000000, 0x0000000084300000, 0x00000000d5580000)
  object space 68608K, 28% used [0x0000000080000000,0x00000000812c41e0,0x0000000084300000)
 Metaspace       used 20689K, committed 21504K, reserved 1114112K
  class space    used 2146K, committed 2496K, reserved 1048576K
}
Event: 14.976 GC heap before
{Heap before GC invocations=10 (full 1):
 PSYoungGen      total 21504K, used 3530K [0x00000000d5580000, 0x00000000d7000000, 0x0000000100000000)
  eden space 17920K, 0% used [0x00000000d5580000,0x00000000d5580000,0x00000000d6700000)
  from space 3584K, 98% used [0x00000000d6700000,0x00000000d6a72ac8,0x00000000d6a80000)
  to   space 4608K, 0% used [0x00000000d6b80000,0x00000000d6b80000,0x00000000d7000000)
 ParOldGen       total 68608K, used 19216K [0x0000000080000000, 0x0000000084300000, 0x00000000d5580000)
  object space 68608K, 28% used [0x0000000080000000,0x00000000812c41e0,0x0000000084300000)
 Metaspace       used 20689K, committed 21504K, reserved 1114112K
  class space    used 2146K, committed 2496K, reserved 1048576K
}
Event: 15.051 GC heap after
{Heap after GC invocations=10 (full 1):
 PSYoungGen      total 21504K, used 0K [0x00000000d5580000, 0x00000000d7000000, 0x0000000100000000)
  eden space 17920K, 0% used [0x00000000d5580000,0x00000000d5580000,0x00000000d6700000)
  from space 3584K, 0% used [0x00000000d6700000,0x00000000d6700000,0x00000000d6a80000)
  to   space 4608K, 0% used [0x00000000d6b80000,0x00000000d6b80000,0x00000000d7000000)
 ParOldGen       total 68608K, used 21181K [0x0000000080000000, 0x0000000084300000, 0x00000000d5580000)
  object space 68608K, 30% used [0x0000000080000000,0x00000000814af6f0,0x0000000084300000)
 Metaspace       used 20676K, committed 21504K, reserved 1114112K
  class space    used 2142K, committed 2496K, reserved 1048576K
}
Event: 15.563 GC heap before
{Heap before GC invocations=11 (full 1):
 PSYoungGen      total 21504K, used 17920K [0x00000000d5580000, 0x00000000d7000000, 0x0000000100000000)
  eden space 17920K, 100% used [0x00000000d5580000,0x00000000d6700000,0x00000000d6700000)
  from space 3584K, 0% used [0x00000000d6700000,0x00000000d6700000,0x00000000d6a80000)
  to   space 4608K, 0% used [0x00000000d6b80000,0x00000000d6b80000,0x00000000d7000000)
 ParOldGen       total 68608K, used 21181K [0x0000000080000000, 0x0000000084300000, 0x00000000d5580000)
  object space 68608K, 30% used [0x0000000080000000,0x00000000814af6f0,0x0000000084300000)
 Metaspace       used 22509K, committed 23360K, reserved 1114112K
  class space    used 2301K, committed 2624K, reserved 1048576K
}
Event: 15.566 GC heap after
{Heap after GC invocations=11 (full 1):
 PSYoungGen      total 20992K, used 2746K [0x00000000d5580000, 0x00000000d6e80000, 0x0000000100000000)
  eden space 17920K, 0% used [0x00000000d5580000,0x00000000d5580000,0x00000000d6700000)
  from space 3072K, 89% used [0x00000000d6b80000,0x00000000d6e2e848,0x00000000d6e80000)
  to   space 3584K, 0% used [0x00000000d6780000,0x00000000d6780000,0x00000000d6b00000)
 ParOldGen       total 68608K, used 21189K [0x0000000080000000, 0x0000000084300000, 0x00000000d5580000)
  object space 68608K, 30% used [0x0000000080000000,0x00000000814b16f0,0x0000000084300000)
 Metaspace       used 22509K, committed 23360K, reserved 1114112K
  class space    used 2301K, committed 2624K, reserved 1048576K
}
Event: 15.847 GC heap before
{Heap before GC invocations=12 (full 1):
 PSYoungGen      total 20992K, used 20666K [0x00000000d5580000, 0x00000000d6e80000, 0x0000000100000000)
  eden space 17920K, 100% used [0x00000000d5580000,0x00000000d6700000,0x00000000d6700000)
  from space 3072K, 89% used [0x00000000d6b80000,0x00000000d6e2e848,0x00000000d6e80000)
  to   space 3584K, 0% used [0x00000000d6780000,0x00000000d6780000,0x00000000d6b00000)
 ParOldGen       total 68608K, used 21189K [0x0000000080000000, 0x0000000084300000, 0x00000000d5580000)
  object space 68608K, 30% used [0x0000000080000000,0x00000000814b16f0,0x0000000084300000)
 Metaspace       used 24648K, committed 25472K, reserved 1114112K
  class space    used 2429K, committed 2752K, reserved 1048576K
}
Event: 15.850 GC heap after
{Heap after GC invocations=12 (full 1):
 PSYoungGen      total 18432K, used 506K [0x00000000d5580000, 0x00000000d6c00000, 0x0000000100000000)
  eden space 17920K, 0% used [0x00000000d5580000,0x00000000d5580000,0x00000000d6700000)
  from space 512K, 98% used [0x00000000d6780000,0x00000000d67fea68,0x00000000d6800000)
  to   space 1536K, 0% used [0x00000000d6a80000,0x00000000d6a80000,0x00000000d6c00000)
 ParOldGen       total 68608K, used 21931K [0x0000000080000000, 0x0000000084300000, 0x00000000d5580000)
  object space 68608K, 31% used [0x0000000080000000,0x000000008156ac80,0x0000000084300000)
 Metaspace       used 24648K, committed 25472K, reserved 1114112K
  class space    used 2429K, committed 2752K, reserved 1048576K
}
Event: 16.106 GC heap before
{Heap before GC invocations=13 (full 1):
 PSYoungGen      total 18432K, used 17923K [0x00000000d5580000, 0x00000000d6c00000, 0x0000000100000000)
  eden space 17920K, 97% used [0x00000000d5580000,0x00000000d66823d8,0x00000000d6700000)
  from space 512K, 98% used [0x00000000d6780000,0x00000000d67fea68,0x00000000d6800000)
  to   space 1536K, 0% used [0x00000000d6a80000,0x00000000d6a80000,0x00000000d6c00000)
 ParOldGen       total 68608K, used 21931K [0x0000000080000000, 0x0000000084300000, 0x00000000d5580000)
  object space 68608K, 31% used [0x0000000080000000,0x000000008156ac80,0x0000000084300000)
 Metaspace       used 26800K, committed 27584K, reserved 1114112K
  class space    used 2615K, committed 2944K, reserved 1048576K
}
Event: 16.108 GC heap after
{Heap after GC invocations=13 (full 1):
 PSYoungGen      total 19456K, used 1275K [0x00000000d5580000, 0x00000000d6c00000, 0x0000000100000000)
  eden space 17920K, 0% used [0x00000000d5580000,0x00000000d5580000,0x00000000d6700000)
  from space 1536K, 83% used [0x00000000d6a80000,0x00000000d6bbeda0,0x00000000d6c00000)
  to   space 1536K, 0% used [0x00000000d6900000,0x00000000d6900000,0x00000000d6a80000)
 ParOldGen       total 68608K, used 22079K [0x0000000080000000, 0x0000000084300000, 0x00000000d5580000)
  object space 68608K, 32% used [0x0000000080000000,0x000000008158fd60,0x0000000084300000)
 Metaspace       used 26800K, committed 27584K, reserved 1114112K
  class space    used 2615K, committed 2944K, reserved 1048576K
}
Event: 16.432 GC heap before
{Heap before GC invocations=14 (full 1):
 PSYoungGen      total 19456K, used 19195K [0x00000000d5580000, 0x00000000d6c00000, 0x0000000100000000)
  eden space 17920K, 100% used [0x00000000d5580000,0x00000000d6700000,0x00000000d6700000)
  from space 1536K, 83% used [0x00000000d6a80000,0x00000000d6bbeda0,0x00000000d6c00000)
  to   space 1536K, 0% used [0x00000000d6900000,0x00000000d6900000,0x00000000d6a80000)
 ParOldGen       total 68608K, used 22079K [0x0000000080000000, 0x0000000084300000, 0x00000000d5580000)
  object space 68608K, 32% used [0x0000000080000000,0x000000008158fd60,0x0000000084300000)
 Metaspace       used 27788K, committed 28672K, reserved 1114112K
  class space    used 2691K, committed 3008K, reserved 1048576K
}
Event: 16.436 GC heap after
{Heap after GC invocations=14 (full 1):
 PSYoungGen      total 19456K, used 1046K [0x00000000d5580000, 0x00000000d6b00000, 0x0000000100000000)
  eden space 17920K, 0% used [0x00000000d5580000,0x00000000d5580000,0x00000000d6700000)
  from space 1536K, 68% used [0x00000000d6900000,0x00000000d6a05a58,0x00000000d6a80000)
  to   space 512K, 0% used [0x00000000d6a80000,0x00000000d6a80000,0x00000000d6b00000)
 ParOldGen       total 68608K, used 23950K [0x0000000080000000, 0x0000000084300000, 0x00000000d5580000)
  object space 68608K, 34% used [0x0000000080000000,0x0000000081763818,0x0000000084300000)
 Metaspace       used 27788K, committed 28672K, reserved 1114112K
  class space    used 2691K, committed 3008K, reserved 1048576K
}
Event: 16.916 GC heap before
{Heap before GC invocations=15 (full 1):
 PSYoungGen      total 19456K, used 18966K [0x00000000d5580000, 0x00000000d6b00000, 0x0000000100000000)
  eden space 17920K, 100% used [0x00000000d5580000,0x00000000d6700000,0x00000000d6700000)
  from space 1536K, 68% used [0x00000000d6900000,0x00000000d6a05a58,0x00000000d6a80000)
  to   space 512K, 0% used [0x00000000d6a80000,0x00000000d6a80000,0x00000000d6b00000)
 ParOldGen       total 68608K, used 23950K [0x0000000080000000, 0x0000000084300000, 0x00000000d5580000)
  object space 68608K, 34% used [0x0000000080000000,0x0000000081763818,0x0000000084300000)
 Metaspace       used 29966K, committed 30912K, reserved 1114112K
  class space    used 2946K, committed 3328K, reserved 1048576K
}
Event: 16.919 GC heap after
{Heap after GC invocations=15 (full 1):
 PSYoungGen      total 18432K, used 512K [0x00000000d5580000, 0x00000000d6b00000, 0x0000000100000000)
  eden space 17920K, 0% used [0x00000000d5580000,0x00000000d5580000,0x00000000d6700000)
  from space 512K, 100% used [0x00000000d6a80000,0x00000000d6b00000,0x00000000d6b00000)
  to   space 1536K, 0% used [0x00000000d6800000,0x00000000d6800000,0x00000000d6980000)
 ParOldGen       total 68608K, used 24710K [0x0000000080000000, 0x0000000084300000, 0x00000000d5580000)
  object space 68608K, 36% used [0x0000000080000000,0x0000000081821a48,0x0000000084300000)
 Metaspace       used 29966K, committed 30912K, reserved 1114112K
  class space    used 2946K, committed 3328K, reserved 1048576K
}

Dll operation events (10 events):
Event: 0.043 Loaded shared library c:\Users\JAKE\.cursor\extensions\redhat.java-1.45.0-win32-x64\jre\21.0.8-win32-x86_64\bin\java.dll
Event: 0.123 Loaded shared library c:\Users\JAKE\.cursor\extensions\redhat.java-1.45.0-win32-x64\jre\21.0.8-win32-x86_64\bin\zip.dll
Event: 0.319 Loaded shared library C:\Users\JAKE\.cursor\extensions\redhat.java-1.45.0-win32-x64\jre\21.0.8-win32-x86_64\bin\instrument.dll
Event: 0.331 Loaded shared library C:\Users\JAKE\.cursor\extensions\redhat.java-1.45.0-win32-x64\jre\21.0.8-win32-x86_64\bin\net.dll
Event: 0.338 Loaded shared library C:\Users\JAKE\.cursor\extensions\redhat.java-1.45.0-win32-x64\jre\21.0.8-win32-x86_64\bin\nio.dll
Event: 0.349 Loaded shared library C:\Users\JAKE\.cursor\extensions\redhat.java-1.45.0-win32-x64\jre\21.0.8-win32-x86_64\bin\zip.dll
Event: 0.405 Loaded shared library C:\Users\JAKE\.cursor\extensions\redhat.java-1.45.0-win32-x64\jre\21.0.8-win32-x86_64\bin\jimage.dll
Event: 0.681 Loaded shared library c:\Users\JAKE\.cursor\extensions\redhat.java-1.45.0-win32-x64\jre\21.0.8-win32-x86_64\bin\verify.dll
Event: 5.284 Loaded shared library C:\Users\JAKE\AppData\Roaming\Cursor\User\globalStorage\redhat.java\1.45.0\config_win\org.eclipse.equinox.launcher\org.eclipse.equinox.launcher.win32.win32.x86_64_1.2.1400.v20250801-0854\eclipse_11916.dll
Event: 11.905 Loaded shared library C:\Users\JAKE\AppData\Local\Temp\jna-44295568\jna711039270369490496.dll

Deoptimization events (20 events):
Event: 16.788 Thread 0x0000014c9d480b20 DEOPT PACKING pc=0x0000014c48ec6f38 sp=0x00000004325f97c0
Event: 16.788 Thread 0x0000014c9d480b20 DEOPT UNPACKING pc=0x0000014c48593aa2 sp=0x00000004325f9758 mode 2
Event: 16.829 Thread 0x0000014c9d480b20 DEOPT PACKING pc=0x0000014c415c4a44 sp=0x00000004325fa770
Event: 16.829 Thread 0x0000014c9d480b20 DEOPT UNPACKING pc=0x0000014c48594242 sp=0x00000004325f9d00 mode 0
Event: 16.901 Thread 0x0000014c9d480b20 Uncommon trap: trap_request=0xffffffc6 fr.pc=0x0000014c48d4630c relative=0x0000000000000a2c
Event: 16.901 Thread 0x0000014c9d480b20 Uncommon trap: reason=bimorphic_or_optimized_type_check action=maybe_recompile pc=0x0000014c48d4630c method=java.util.HashMap.putVal(ILjava/lang/Object;Ljava/lang/Object;ZZ)Ljava/lang/Object; @ 56 c2
Event: 16.901 Thread 0x0000014c9d480b20 DEOPT PACKING pc=0x0000014c48d4630c sp=0x00000004325fd950
Event: 16.901 Thread 0x0000014c9d480b20 DEOPT UNPACKING pc=0x0000014c48593aa2 sp=0x00000004325fd850 mode 2
Event: 16.901 Thread 0x0000014c9d480b20 Uncommon trap: trap_request=0xffffffc6 fr.pc=0x0000014c48d4630c relative=0x0000000000000a2c
Event: 16.901 Thread 0x0000014c9d480b20 Uncommon trap: reason=bimorphic_or_optimized_type_check action=maybe_recompile pc=0x0000014c48d4630c method=java.util.HashMap.putVal(ILjava/lang/Object;Ljava/lang/Object;ZZ)Ljava/lang/Object; @ 56 c2
Event: 16.901 Thread 0x0000014c9d480b20 DEOPT PACKING pc=0x0000014c48d4630c sp=0x00000004325fd950
Event: 16.901 Thread 0x0000014c9d480b20 DEOPT UNPACKING pc=0x0000014c48593aa2 sp=0x00000004325fd850 mode 2
Event: 16.901 Thread 0x0000014c9d480b20 Uncommon trap: trap_request=0xffffffc6 fr.pc=0x0000014c48d46380 relative=0x0000000000000aa0
Event: 16.901 Thread 0x0000014c9d480b20 Uncommon trap: reason=bimorphic_or_optimized_type_check action=maybe_recompile pc=0x0000014c48d46380 method=java.util.HashMap.putVal(ILjava/lang/Object;Ljava/lang/Object;ZZ)Ljava/lang/Object; @ 152 c2
Event: 16.902 Thread 0x0000014c9d480b20 DEOPT PACKING pc=0x0000014c48d46380 sp=0x00000004325fd950
Event: 16.902 Thread 0x0000014c9d480b20 DEOPT UNPACKING pc=0x0000014c48593aa2 sp=0x00000004325fd858 mode 2
Event: 16.902 Thread 0x0000014c9d480b20 Uncommon trap: trap_request=0xffffffc6 fr.pc=0x0000014c48d4630c relative=0x0000000000000a2c
Event: 16.902 Thread 0x0000014c9d480b20 Uncommon trap: reason=bimorphic_or_optimized_type_check action=maybe_recompile pc=0x0000014c48d4630c method=java.util.HashMap.putVal(ILjava/lang/Object;Ljava/lang/Object;ZZ)Ljava/lang/Object; @ 56 c2
Event: 16.902 Thread 0x0000014c9d480b20 DEOPT PACKING pc=0x0000014c48d4630c sp=0x00000004325fd950
Event: 16.902 Thread 0x0000014c9d480b20 DEOPT UNPACKING pc=0x0000014c48593aa2 sp=0x00000004325fd850 mode 2

Classes loaded (20 events):
Event: 17.181 Loading class sun/reflect/generics/tree/FormalTypeParameter
Event: 17.181 Loading class sun/reflect/generics/tree/FormalTypeParameter done
Event: 17.181 Loading class sun/reflect/generics/tree/ClassSignature
Event: 17.182 Loading class sun/reflect/generics/tree/Signature
Event: 17.182 Loading class sun/reflect/generics/tree/Signature done
Event: 17.182 Loading class sun/reflect/generics/tree/ClassSignature done
Event: 17.182 Loading class sun/reflect/annotation/TypeAnnotation$TypeAnnotationTarget
Event: 17.183 Loading class sun/reflect/annotation/TypeAnnotation$TypeAnnotationTarget done
Event: 17.184 Loading class sun/reflect/annotation/TypeAnnotation$LocationInfo
Event: 17.184 Loading class sun/reflect/annotation/TypeAnnotation$LocationInfo done
Event: 17.185 Loading class sun/reflect/annotation/TypeAnnotation$LocationInfo$Location
Event: 17.185 Loading class sun/reflect/annotation/TypeAnnotation$LocationInfo$Location done
Event: 17.185 Loading class sun/reflect/annotation/AnnotatedTypeFactory
Event: 17.186 Loading class sun/reflect/annotation/AnnotatedTypeFactory done
Event: 17.187 Loading class sun/reflect/annotation/AnnotatedTypeFactory$AnnotatedTypeBaseImpl
Event: 17.187 Loading class sun/reflect/annotation/AnnotatedTypeFactory$AnnotatedTypeBaseImpl done
Event: 17.219 Loading class java/lang/Character$UnicodeBlock
Event: 17.221 Loading class java/lang/Character$Subset
Event: 17.222 Loading class java/lang/Character$Subset done
Event: 17.224 Loading class java/lang/Character$UnicodeBlock done

Classes unloaded (7 events):
Event: 14.995 Thread 0x0000014c3df9e790 Unloading class 0x0000014c561acc00 'java/lang/invoke/LambdaForm$MH+0x0000014c561acc00'
Event: 14.995 Thread 0x0000014c3df9e790 Unloading class 0x0000014c561ac800 'java/lang/invoke/LambdaForm$MH+0x0000014c561ac800'
Event: 14.995 Thread 0x0000014c3df9e790 Unloading class 0x0000014c561ac400 'java/lang/invoke/LambdaForm$MH+0x0000014c561ac400'
Event: 14.995 Thread 0x0000014c3df9e790 Unloading class 0x0000014c561ac000 'java/lang/invoke/LambdaForm$MH+0x0000014c561ac000'
Event: 14.995 Thread 0x0000014c3df9e790 Unloading class 0x0000014c561abc00 'java/lang/invoke/LambdaForm$BMH+0x0000014c561abc00'
Event: 14.995 Thread 0x0000014c3df9e790 Unloading class 0x0000014c561ab800 'java/lang/invoke/LambdaForm$DMH+0x0000014c561ab800'
Event: 14.995 Thread 0x0000014c3df9e790 Unloading class 0x0000014c561aa800 'java/lang/invoke/LambdaForm$DMH+0x0000014c561aa800'

Classes redefined (0 events):
No events

Internal exceptions (20 events):
Event: 15.383 Thread 0x0000014c9d480b20 Exception <a 'java/lang/NoSuchMethodError'{0x00000000d5c679d0}: 'double java.lang.invoke.DirectMethodHandle$Holder.invokeStaticInit(java.lang.Object, java.lang.Object)'> (0x00000000d5c679d0) 
thrown [s\src\hotspot\share\interpreter\linkResolver.cpp, line 773]
Event: 15.975 Thread 0x0000014c9d480b20 Implicit null exception at 0x0000014c48ea6af5 to 0x0000014c48ea6bd0
Event: 16.263 Thread 0x0000014c9d485350 Exception <a 'java/lang/NoSuchMethodError'{0x00000000d62d0868}: 'java.lang.Object java.lang.invoke.DirectMethodHandle$Holder.newInvokeSpecial(java.lang.Object, java.lang.Object, java.lang.Object, java.lang.Object, java.lang.Object)'> (0x00000000d62d0868) 
thrown [s\src\hotspot\share\interpreter\linkResolver.cpp, line 773]
Event: 16.288 Thread 0x0000014c9d485350 Exception <a 'java/lang/NoSuchMethodError'{0x00000000d6342828}: 'java.lang.Object java.lang.invoke.DirectMethodHandle$Holder.invokeStaticInit(java.lang.Object, java.lang.Object, java.lang.Object, java.lang.Object, java.lang.Object, java.lang.Object, java.lang.Object)'> (0x00000000d6342828) 
thrown [s\src\hotspot\share\interpreter\linkResolver.cpp, line 773]
Event: 16.289 Thread 0x0000014c9d485350 Exception <a 'java/lang/NoSuchMethodError'{0x00000000d63474a0}: 'java.lang.Object java.lang.invoke.Invokers$Holder.invoke_MT(java.lang.Object, java.lang.Object, java.lang.Object, java.lang.Object, java.lang.Object, java.lang.Object, java.lang.Object, java.lang.Object, java.lang.Object)'> (0x00000000d63474a0) 
thrown [s\src\hotspot\share\interpreter\linkResolver.cpp, line 773]
Event: 16.316 Thread 0x0000014c9d485350 Exception <a 'java/lang/NoSuchMethodError'{0x00000000d6410200}: 'int java.lang.invoke.DirectMethodHandle$Holder.invokeVirtual(java.lang.Object, java.lang.Object, java.lang.Object)'> (0x00000000d6410200) 
thrown [s\src\hotspot\share\interpreter\linkResolver.cpp, line 773]
Event: 16.319 Thread 0x0000014c9d485350 Exception <a 'java/lang/NoSuchMethodError'{0x00000000d64143f8}: 'int java.lang.invoke.DirectMethodHandle$Holder.invokeStaticInit(java.lang.Object, int, int)'> (0x00000000d64143f8) 
thrown [s\src\hotspot\share\interpreter\linkResolver.cpp, line 773]
Event: 16.320 Thread 0x0000014c9d485350 Exception <a 'java/lang/NoSuchMethodError'{0x00000000d6421ed8}: 'int java.lang.invoke.DirectMethodHandle$Holder.invokeStaticInit(java.lang.Object, long, long)'> (0x00000000d6421ed8) 
thrown [s\src\hotspot\share\interpreter\linkResolver.cpp, line 773]
Event: 16.321 Thread 0x0000014c9d485350 Exception <a 'java/lang/NoSuchMethodError'{0x00000000d6428d68}: 'int java.lang.invoke.DirectMethodHandle$Holder.invokeStaticInit(java.lang.Object, float, float)'> (0x00000000d6428d68) 
thrown [s\src\hotspot\share\interpreter\linkResolver.cpp, line 773]
Event: 16.323 Thread 0x0000014c9d485350 Exception <a 'java/lang/NoSuchMethodError'{0x00000000d642fba0}: 'int java.lang.invoke.DirectMethodHandle$Holder.invokeStaticInit(java.lang.Object, double, double)'> (0x00000000d642fba0) 
thrown [s\src\hotspot\share\interpreter\linkResolver.cpp, line 773]
Event: 16.324 Thread 0x0000014c9d485350 Exception <a 'java/lang/NoSuchMethodError'{0x00000000d6434258}: 'int java.lang.invoke.DirectMethodHandle$Holder.invokeStatic(java.lang.Object, long)'> (0x00000000d6434258) 
thrown [s\src\hotspot\share\interpreter\linkResolver.cpp, line 773]
Event: 16.334 Thread 0x0000014c9d47f770 Exception <a 'java/lang/NoSuchMethodError'{0x00000000d6455a10}: 'int java.lang.invoke.Invokers$Holder.linkToTargetMethod(java.lang.Object, java.lang.Object)'> (0x00000000d6455a10) 
thrown [s\src\hotspot\share\interpreter\linkResolver.cpp, line 773]
Event: 16.339 Thread 0x0000014c9d47f770 Exception <a 'java/lang/NoSuchMethodError'{0x00000000d646a548}: 'int java.lang.invoke.DirectMethodHandle$Holder.invokeSpecial(java.lang.Object, java.lang.Object, java.lang.Object, java.lang.Object)'> (0x00000000d646a548) 
thrown [s\src\hotspot\share\interpreter\linkResolver.cpp, line 773]
Event: 16.346 Thread 0x0000014c9d47f770 Exception <a 'java/lang/NoSuchMethodError'{0x00000000d6480d90}: 'java.lang.Object java.lang.invoke.DirectMethodHandle$Holder.invokeStatic(java.lang.Object, int, java.lang.Object, java.lang.Object)'> (0x00000000d6480d90) 
thrown [s\src\hotspot\share\interpreter\linkResolver.cpp, line 773]
Event: 16.346 Thread 0x0000014c9d47f770 Exception <a 'java/lang/NoSuchMethodError'{0x00000000d64847b8}: 'java.lang.Object java.lang.invoke.DelegatingMethodHandle$Holder.delegate(java.lang.Object, int, java.lang.Object, java.lang.Object)'> (0x00000000d64847b8) 
thrown [s\src\hotspot\share\interpreter\linkResolver.cpp, line 773]
Event: 16.367 Thread 0x0000014c9d47f770 Exception <a 'java/lang/NoSuchMethodError'{0x00000000d649ee78}: 'int java.lang.invoke.Invokers$Holder.linkToTargetMethod(java.lang.Object, java.lang.Object, java.lang.Object)'> (0x00000000d649ee78) 
thrown [s\src\hotspot\share\interpreter\linkResolver.cpp, line 773]
Event: 16.496 Thread 0x0000014c9d485350 Exception <a 'java/lang/NoSuchMethodError'{0x00000000d58062e0}: 'java.lang.Object java.lang.invoke.DirectMethodHandle$Holder.invokeSpecialIFC(java.lang.Object, java.lang.Object, java.lang.Object, java.lang.Object)'> (0x00000000d58062e0) 
thrown [s\src\hotspot\share\interpreter\linkResolver.cpp, line 773]
Event: 16.745 Thread 0x0000014c9d480b20 Exception <a 'java/lang/ClassNotFoundException'{0x00000000d60e46e0}: com/sun/org/apache/xerces/internal/impl/msg/spi/DOMMessagesProvider> (0x00000000d60e46e0) 
thrown [s\src\hotspot\share\classfile\systemDictionary.cpp, line 312]
Event: 16.750 Thread 0x0000014c9d480b20 Exception <a 'java/lang/ClassNotFoundException'{0x00000000d6107cc8}: com/sun/org/apache/xerces/internal/impl/msg/spi/XMLSerializerMessagesProvider> (0x00000000d6107cc8) 
thrown [s\src\hotspot\share\classfile\systemDictionary.cpp, line 312]
Event: 16.754 Thread 0x0000014c9d480b20 Exception <a 'java/lang/ClassNotFoundException'{0x00000000d61215b8}: com/sun/org/apache/xerces/internal/impl/msg/spi/XMLMessagesProvider> (0x00000000d61215b8) 
thrown [s\src\hotspot\share\classfile\systemDictionary.cpp, line 312]

ZGC Phase Switch (0 events):
No events

VM Operations (20 events):
Event: 14.967 Executing VM operation: CollectForMetadataAllocation (Metadata GC Threshold)
Event: 15.051 Executing VM operation: CollectForMetadataAllocation (Metadata GC Threshold) done
Event: 15.324 Executing VM operation: HandshakeAllThreads (Deoptimize)
Event: 15.325 Executing VM operation: HandshakeAllThreads (Deoptimize) done
Event: 15.562 Executing VM operation: ParallelGCFailedAllocation (Allocation Failure)
Event: 15.566 Executing VM operation: ParallelGCFailedAllocation (Allocation Failure) done
Event: 15.847 Executing VM operation: ParallelGCFailedAllocation (Allocation Failure)
Event: 15.850 Executing VM operation: ParallelGCFailedAllocation (Allocation Failure) done
Event: 16.103 Executing VM operation: ParallelGCFailedAllocation (Allocation Failure)
Event: 16.108 Executing VM operation: ParallelGCFailedAllocation (Allocation Failure) done
Event: 16.223 Executing VM operation: HandshakeAllThreads (Deoptimize)
Event: 16.224 Executing VM operation: HandshakeAllThreads (Deoptimize) done
Event: 16.378 Executing VM operation: HandshakeAllThreads (Deoptimize)
Event: 16.378 Executing VM operation: HandshakeAllThreads (Deoptimize) done
Event: 16.430 Executing VM operation: ParallelGCFailedAllocation (Allocation Failure)
Event: 16.436 Executing VM operation: ParallelGCFailedAllocation (Allocation Failure) done
Event: 16.876 Executing VM operation: HandshakeAllThreads (Deoptimize)
Event: 16.900 Executing VM operation: HandshakeAllThreads (Deoptimize) done
Event: 16.916 Executing VM operation: ParallelGCFailedAllocation (Allocation Failure)
Event: 16.919 Executing VM operation: ParallelGCFailedAllocation (Allocation Failure) done

Memory protections (0 events):
No events

Nmethod flushes (0 events):
No events

Events (20 events):
Event: 12.138 Thread 0x0000014c3dfb08d0 Thread added: 0x0000014c96e0abe0
Event: 12.195 Thread 0x0000014c9d480b20 Thread added: 0x0000014c9d47f770
Event: 12.599 Thread 0x0000014c96e0abe0 Thread exited: 0x0000014c96e0abe0
Event: 12.662 Thread 0x0000014c96e0a510 Thread exited: 0x0000014c96e0a510
Event: 13.358 Thread 0x0000014c9d481ed0 Thread exited: 0x0000014c9d481ed0
Event: 13.547 Thread 0x0000014c9d480b20 Thread added: 0x0000014c9d47fe00
Event: 13.558 Thread 0x0000014c9d480b20 Thread added: 0x0000014c9d483280
Event: 13.803 Thread 0x0000014c9d47fe00 Thread added: 0x0000014c9d485350
Event: 13.826 Thread 0x0000014c3dfb08d0 Thread added: 0x0000014c9869d3b0
Event: 14.788 Thread 0x0000014c3dfafa10 Thread added: 0x0000014c9869c610
Event: 14.923 Thread 0x0000014c9869c610 Thread exited: 0x0000014c9869c610
Event: 15.439 Thread 0x0000014c9869d3b0 Thread added: 0x0000014c9869e150
Event: 15.919 Thread 0x0000014c9869e150 Thread exited: 0x0000014c9869e150
Event: 15.992 Thread 0x0000014c9869d3b0 Thread added: 0x0000014c9869b870
Event: 16.042 Thread 0x0000014c9869d3b0 Thread added: 0x0000014c9869da80
Event: 16.306 Thread 0x0000014c9d47f770 Thread added: 0x0000014c9d486070
Event: 16.784 Thread 0x0000014c9d486070 Thread added: 0x0000014c9d4859e0
Event: 16.827 Thread 0x0000014c9d480b20 Thread added: 0x0000014c9d483910
Event: 16.829 Thread 0x0000014c9d4859e0 Thread added: 0x0000014c9d483fa0
Event: 16.965 Thread 0x0000014c3dfb08d0 Thread added: 0x0000014c9869e150


Dynamic libraries:
0x00007ff73c5e0000 - 0x00007ff73c5ee000 	c:\Users\JAKE\.cursor\extensions\redhat.java-1.45.0-win32-x64\jre\21.0.8-win32-x86_64\bin\java.exe
0x00007ffcbd240000 - 0x00007ffcbd4a9000 	C:\WINDOWS\SYSTEM32\ntdll.dll
0x00007ffcbc5b0000 - 0x00007ffcbc679000 	C:\WINDOWS\System32\KERNEL32.DLL
0x00007ffcba490000 - 0x00007ffcba883000 	C:\WINDOWS\System32\KERNELBASE.dll
0x00007ffcbabd0000 - 0x00007ffcbad1b000 	C:\WINDOWS\System32\ucrtbase.dll
0x00007ffc81b60000 - 0x00007ffc81b78000 	c:\Users\JAKE\.cursor\extensions\redhat.java-1.45.0-win32-x64\jre\21.0.8-win32-x86_64\bin\jli.dll
0x00007ffc785a0000 - 0x00007ffc785be000 	c:\Users\JAKE\.cursor\extensions\redhat.java-1.45.0-win32-x64\jre\21.0.8-win32-x86_64\bin\VCRUNTIME140.dll
0x00007ffcbc780000 - 0x00007ffcbc944000 	C:\WINDOWS\System32\USER32.dll
0x00007ffca6520000 - 0x00007ffca67b3000 	C:\WINDOWS\WinSxS\amd64_microsoft.windows.common-controls_6595b64144ccf1df_6.0.26100.5074_none_3e0d6f78e32fd63f\COMCTL32.dll
0x00007ffcbaba0000 - 0x00007ffcbabc7000 	C:\WINDOWS\System32\win32u.dll
0x00007ffcbc6a0000 - 0x00007ffcbc749000 	C:\WINDOWS\System32\msvcrt.dll
0x00007ffcbc750000 - 0x00007ffcbc77b000 	C:\WINDOWS\System32\GDI32.dll
0x00007ffcba890000 - 0x00007ffcba9bd000 	C:\WINDOWS\System32\gdi32full.dll
0x00007ffcbaa50000 - 0x00007ffcbaaf3000 	C:\WINDOWS\System32\msvcp_win.dll
0x00007ffcbc1e0000 - 0x00007ffcbc20f000 	C:\WINDOWS\System32\IMM32.DLL
0x00007ffca7950000 - 0x00007ffca795c000 	c:\Users\JAKE\.cursor\extensions\redhat.java-1.45.0-win32-x64\jre\21.0.8-win32-x86_64\bin\vcruntime140_1.dll
0x00007ffc38f70000 - 0x00007ffc38ffd000 	c:\Users\JAKE\.cursor\extensions\redhat.java-1.45.0-win32-x64\jre\21.0.8-win32-x86_64\bin\msvcp140.dll
0x00007ffbdee70000 - 0x00007ffbdfc07000 	c:\Users\JAKE\.cursor\extensions\redhat.java-1.45.0-win32-x64\jre\21.0.8-win32-x86_64\bin\server\jvm.dll
0x00007ffcbd090000 - 0x00007ffcbd144000 	C:\WINDOWS\System32\ADVAPI32.dll
0x00007ffcbd150000 - 0x00007ffcbd1f6000 	C:\WINDOWS\System32\sechost.dll
0x00007ffcbca70000 - 0x00007ffcbcb88000 	C:\WINDOWS\System32\RPCRT4.dll
0x00007ffcbb910000 - 0x00007ffcbb984000 	C:\WINDOWS\System32\WS2_32.dll
0x00007ffcba230000 - 0x00007ffcba28e000 	C:\WINDOWS\SYSTEM32\POWRPROF.dll
0x00007ffcb1e10000 - 0x00007ffcb1e45000 	C:\WINDOWS\SYSTEM32\WINMM.dll
0x00007ffca7800000 - 0x00007ffca780b000 	C:\WINDOWS\SYSTEM32\VERSION.dll
0x00007ffcba210000 - 0x00007ffcba224000 	C:\WINDOWS\SYSTEM32\UMPDC.dll
0x00007ffcb91b0000 - 0x00007ffcb91cb000 	C:\WINDOWS\SYSTEM32\kernel.appcore.dll
0x00007ffc9c090000 - 0x00007ffc9c09a000 	c:\Users\JAKE\.cursor\extensions\redhat.java-1.45.0-win32-x64\jre\21.0.8-win32-x86_64\bin\jimage.dll
0x00007ffca96b0000 - 0x00007ffca98f2000 	C:\WINDOWS\SYSTEM32\DBGHELP.DLL
0x00007ffcbc230000 - 0x00007ffcbc5ab000 	C:\WINDOWS\System32\combase.dll
0x00007ffcbce30000 - 0x00007ffcbcf07000 	C:\WINDOWS\System32\OLEAUT32.dll
0x00007ffc9fb30000 - 0x00007ffc9fb6d000 	C:\WINDOWS\SYSTEM32\dbgcore.DLL
0x00007ffcbab00000 - 0x00007ffcbab99000 	C:\WINDOWS\System32\bcryptPrimitives.dll
0x00007ffc9b960000 - 0x00007ffc9b96f000 	c:\Users\JAKE\.cursor\extensions\redhat.java-1.45.0-win32-x64\jre\21.0.8-win32-x86_64\bin\instrument.dll
0x00007ffc76a10000 - 0x00007ffc76a2f000 	c:\Users\JAKE\.cursor\extensions\redhat.java-1.45.0-win32-x64\jre\21.0.8-win32-x86_64\bin\java.dll
0x00007ffcbb1c0000 - 0x00007ffcbb90d000 	C:\WINDOWS\System32\SHELL32.dll
0x00007ffcbad20000 - 0x00007ffcbae8c000 	C:\WINDOWS\System32\wintypes.dll
0x00007ffcb8010000 - 0x00007ffcb8869000 	C:\WINDOWS\SYSTEM32\windows.storage.dll
0x00007ffcbbf30000 - 0x00007ffcbc020000 	C:\WINDOWS\System32\SHCORE.dll
0x00007ffcbd020000 - 0x00007ffcbd082000 	C:\WINDOWS\System32\shlwapi.dll
0x00007ffcba2f0000 - 0x00007ffcba319000 	C:\WINDOWS\SYSTEM32\profapi.dll
0x00007ffc980e0000 - 0x00007ffc980f8000 	c:\Users\JAKE\.cursor\extensions\redhat.java-1.45.0-win32-x64\jre\21.0.8-win32-x86_64\bin\zip.dll
0x00007ffca7fa0000 - 0x00007ffca7fb0000 	C:\Users\JAKE\.cursor\extensions\redhat.java-1.45.0-win32-x64\jre\21.0.8-win32-x86_64\bin\net.dll
0x00007ffcb17f0000 - 0x00007ffcb190f000 	C:\WINDOWS\SYSTEM32\WINHTTP.dll
0x00007ffcb9730000 - 0x00007ffcb979b000 	C:\WINDOWS\system32\mswsock.dll
0x00007ffc96ae0000 - 0x00007ffc96af6000 	C:\Users\JAKE\.cursor\extensions\redhat.java-1.45.0-win32-x64\jre\21.0.8-win32-x86_64\bin\nio.dll
0x00007ffc980d0000 - 0x00007ffc980e0000 	c:\Users\JAKE\.cursor\extensions\redhat.java-1.45.0-win32-x64\jre\21.0.8-win32-x86_64\bin\verify.dll
0x00007ffc785d0000 - 0x00007ffc78614000 	C:\Users\JAKE\AppData\Roaming\Cursor\User\globalStorage\redhat.java\1.45.0\config_win\org.eclipse.equinox.launcher\org.eclipse.equinox.launcher.win32.win32.x86_64_1.2.1400.v20250801-0854\eclipse_11916.dll
0x00007ffcbc030000 - 0x00007ffcbc1c8000 	C:\WINDOWS\System32\ole32.dll
0x00007ffcb99d0000 - 0x00007ffcb99eb000 	C:\WINDOWS\SYSTEM32\CRYPTSP.dll
0x00007ffcb9110000 - 0x00007ffcb914b000 	C:\WINDOWS\system32\rsaenh.dll
0x00007ffcb97d0000 - 0x00007ffcb97fb000 	C:\WINDOWS\SYSTEM32\USERENV.dll
0x00007ffcba2c0000 - 0x00007ffcba2e6000 	C:\WINDOWS\SYSTEM32\bcrypt.dll
0x00007ffcb99f0000 - 0x00007ffcb99fc000 	C:\WINDOWS\SYSTEM32\CRYPTBASE.dll
0x00007ffcb8bb0000 - 0x00007ffcb8be4000 	C:\WINDOWS\SYSTEM32\IPHLPAPI.DLL
0x00007ffcbc680000 - 0x00007ffcbc68a000 	C:\WINDOWS\System32\NSI.dll
0x00007ffc5e010000 - 0x00007ffc5e059000 	C:\Users\JAKE\AppData\Local\Temp\jna-44295568\jna711039270369490496.dll
0x00007ffcbc220000 - 0x00007ffcbc228000 	C:\WINDOWS\System32\PSAPI.DLL

JVMTI agents:
c:\Users\JAKE\.cursor\extensions\redhat.java-1.45.0-win32-x64\lombok\lombok-1.18.39-4050.jar path:c:\Users\JAKE\.cursor\extensions\redhat.java-1.45.0-win32-x64\jre\21.0.8-win32-x86_64\bin\instrument.dll, loaded, initialized, instrumentlib options:none

dbghelp: loaded successfully - version: 4.0.5 - missing functions: none
symbol engine: initialized successfully - sym options: 0x614 - pdb path: .;c:\Users\JAKE\.cursor\extensions\redhat.java-1.45.0-win32-x64\jre\21.0.8-win32-x86_64\bin;C:\WINDOWS\SYSTEM32;C:\WINDOWS\WinSxS\amd64_microsoft.windows.common-controls_6595b64144ccf1df_6.0.26100.5074_none_3e0d6f78e32fd63f;c:\Users\JAKE\.cursor\extensions\redhat.java-1.45.0-win32-x64\jre\21.0.8-win32-x86_64\bin\server;C:\Users\JAKE\AppData\Roaming\Cursor\User\globalStorage\redhat.java\1.45.0\config_win\org.eclipse.equinox.launcher\org.eclipse.equinox.launcher.win32.win32.x86_64_1.2.1400.v20250801-0854;C:\Users\JAKE\AppData\Local\Temp\jna-44295568

VM Arguments:
jvm_args: --add-modules=ALL-SYSTEM --add-opens=java.base/java.util=ALL-UNNAMED --add-opens=java.base/java.lang=ALL-UNNAMED --add-opens=java.base/sun.nio.fs=ALL-UNNAMED -Declipse.application=org.eclipse.jdt.ls.core.id1 -Dosgi.bundles.defaultStartLevel=4 -Declipse.product=org.eclipse.jdt.ls.core.product -Djava.import.generatesMetadataFilesAtProjectRoot=false -DDetectVMInstallationsJob.disabled=true -Dfile.encoding=utf8 -XX:+UseParallelGC -XX:GCTimeRatio=4 -XX:AdaptiveSizePolicyWeight=90 -Dsun.zip.disableMemoryMapping=true -Xmx2G -Xms100m -Xlog:disable -javaagent:c:\Users\JAKE\.cursor\extensions\redhat.java-1.45.0-win32-x64\lombok\lombok-1.18.39-4050.jar -XX:+HeapDumpOnOutOfMemoryError -XX:HeapDumpPath=c:\Users\JAKE\AppData\Roaming\Cursor\User\workspaceStorage\b44df45563bb7b908325a1381907a55f\redhat.java -Daether.dependencyCollector.impl=bf 
java_command: c:\Users\JAKE\.cursor\extensions\redhat.java-1.45.0-win32-x64\server\plugins\org.eclipse.equinox.launcher_1.7.0.v20250519-0528.jar -configuration c:\Users\JAKE\AppData\Roaming\Cursor\User\globalStorage\redhat.java\1.45.0\config_win -data c:\Users\JAKE\AppData\Roaming\Cursor\User\workspaceStorage\b44df45563bb7b908325a1381907a55f\redhat.java\jdt_ws --pipe=\\.\pipe\lsp-594b543a14a915eda2ef8d124890df7f-sock
java_class_path (initial): c:\Users\JAKE\.cursor\extensions\redhat.java-1.45.0-win32-x64\server\plugins\org.eclipse.equinox.launcher_1.7.0.v20250519-0528.jar
Launcher Type: SUN_STANDARD

[Global flags]
    uintx AdaptiveSizePolicyWeight                 = 90                                        {product} {command line}
     intx CICompilerCount                          = 12                                        {product} {ergonomic}
    uintx GCTimeRatio                              = 4                                         {product} {command line}
     bool HeapDumpOnOutOfMemoryError               = true                                   {manageable} {command line}
    ccstr HeapDumpPath                             = c:\Users\JAKE\AppData\Roaming\Cursor\User\workspaceStorage\b44df45563bb7b908325a1381907a55f\redhat.java         {manageable} {command line}
   size_t InitialHeapSize                          = 104857600                                 {product} {command line}
   size_t MaxHeapSize                              = 2147483648                                {product} {command line}
   size_t MaxNewSize                               = 715653120                                 {product} {ergonomic}
   size_t MinHeapDeltaBytes                        = 524288                                    {product} {ergonomic}
   size_t MinHeapSize                              = 104857600                                 {product} {command line}
   size_t NewSize                                  = 34603008                                  {product} {ergonomic}
    uintx NonNMethodCodeHeapSize                   = 7602480                                {pd product} {ergonomic}
    uintx NonProfiledCodeHeapSize                  = 122027880                              {pd product} {ergonomic}
   size_t OldSize                                  = 70254592                                  {product} {ergonomic}
    uintx ProfiledCodeHeapSize                     = 122027880                              {pd product} {ergonomic}
    uintx ReservedCodeCacheSize                    = 251658240                              {pd product} {ergonomic}
     bool SegmentedCodeCache                       = true                                      {product} {ergonomic}
   size_t SoftMaxHeapSize                          = 2147483648                             {manageable} {ergonomic}
     bool UseCompressedOops                        = true                           {product lp64_product} {ergonomic}
     bool UseLargePagesIndividualAllocation        = false                                  {pd product} {ergonomic}
     bool UseParallelGC                            = true                                      {product} {command line}

Logging:
Log output configuration:
 #0: stdout all=off uptime,level,tags foldmultilines=false
 #1: stderr all=off uptime,level,tags foldmultilines=false

Environment Variables:
JAVA_HOME=C:\Program Files\Java\jdk-17.0.10
CLASSPATH=C:\Program Files\Java\jdk-17.0.10\lib
PATH=C:\Python313\Scripts\;C:\Python313\;C:\WINDOWS\system32;C:\WINDOWS;C:\WINDOWS\System32\Wbem;C:\WINDOWS\System32\WindowsPowerShell\v1.0\;C:\WINDOWS\System32\OpenSSH\;C:\Program Files\PuTTY\;C:\Program Files (x86)\Windows Kits\10\Windows Performance Toolkit\;C:\Program Files\Git\cmd;C:\Users\\AppData\Roaming\nvm;C:\Program Files\nodejs;C:\Program Files\Java\jdk-17.0.10\bin;C:\Program Files\Google\Google Apps Migration\;C:\ProgramData\chocolatey\bin;C:\Program Files (x86)\cloudflared\;C:\Program Files\Docker\Docker\resources\bin;C:\Program Files\nodejs\;C:\platform-tools;C:\Program Files\Bandizip\;C:\Users\JAKE\AppData\Local\Programs\Python\Launcher\;C:\Users\JAKE\AppData\Local\Microsoft\WindowsApps;C:\Users\JAKE\AppData\Local\Programs\Microsoft VS Code\bin;C:\Program Files\JetBrains\IntelliJ IDEA 2024.3.4.1\bin;;C:\Users\\AppData\Roaming\nvm;C:\Program Files\nodejs;;C:\Program Files\JetBrains\IntelliJ IDEA Community Edition 2024.3.4.1\bin;;C:\Users\JAKE\AppData\Roaming\npm;C:\Users\JAKE\AppData\Local\Programs\cursor\resources\app\bin
USERNAME=
OS=Windows_NT
PROCESSOR_IDENTIFIER=Intel64 Family 6 Model 186 Stepping 2, GenuineIntel
TMP=C:\Users\JAKE\AppData\Local\Temp
TEMP=C:\Users\JAKE\AppData\Local\Temp




Periodic native trim disabled

---------------  S Y S T E M  ---------------

OS:
 Windows 11 , 64 bit Build 26100 (10.0.26100.5074)
OS uptime: 1 days 11:49 hours
Hyper-V role detected

CPU: total 16 (initial active 16) (8 cores per cpu, 2 threads per core) family 6 model 186 stepping 2 microcode 0x410e, cx8, cmov, fxsr, ht, mmx, 3dnowpref, sse, sse2, sse3, ssse3, sse4.1, sse4.2, popcnt, lzcnt, tsc, tscinvbit, avx, avx2, aes, erms, clmul, bmi1, bmi2, adx, sha, fma, vzeroupper, clflush, clflushopt, clwb, hv, serialize, rdtscp, rdpid, fsrm, f16c, cet_ibt, cet_ss
Processor Information for processor 0
  Max Mhz: 2200, Current Mhz: 2037, Mhz Limit: 2024
Processor Information for processor 1
  Max Mhz: 2200, Current Mhz: 2037, Mhz Limit: 2024
Processor Information for processor 2
  Max Mhz: 2200, Current Mhz: 2037, Mhz Limit: 2024
Processor Information for processor 3
  Max Mhz: 2200, Current Mhz: 2037, Mhz Limit: 2024
Processor Information for processor 4
  Max Mhz: 2200, Current Mhz: 2037, Mhz Limit: 2024
Processor Information for processor 5
  Max Mhz: 2200, Current Mhz: 2037, Mhz Limit: 2024
Processor Information for processor 6
  Max Mhz: 2200, Current Mhz: 2037, Mhz Limit: 2024
Processor Information for processor 7
  Max Mhz: 2200, Current Mhz: 2037, Mhz Limit: 2024
Processor Information for processor 8
  Max Mhz: 2200, Current Mhz: 1400, Mhz Limit: 1386
Processor Information for processor 9
  Max Mhz: 2200, Current Mhz: 1400, Mhz Limit: 1386
Processor Information for processor 10
  Max Mhz: 2200, Current Mhz: 1400, Mhz Limit: 1386
Processor Information for processor 11
  Max Mhz: 2200, Current Mhz: 1400, Mhz Limit: 1386
Processor Information for processor 12
  Max Mhz: 2200, Current Mhz: 1400, Mhz Limit: 1386
Processor Information for processor 13
  Max Mhz: 2200, Current Mhz: 1400, Mhz Limit: 1386
Processor Information for processor 14
  Max Mhz: 2200, Current Mhz: 1400, Mhz Limit: 1386
Processor Information for processor 15
  Max Mhz: 2200, Current Mhz: 1400, Mhz Limit: 1386

Memory: 4k page, system-wide physical 16066M (1303M free)
TotalPageFile size 33763M (AvailPageFile size 9M)
current process WorkingSet (physical memory assigned to process): 202M, peak: 204M
current process commit charge ("private bytes"): 334M, peak: 337M

vm_info: OpenJDK 64-Bit Server VM (21.0.8+9-LTS) for windows-amd64 JRE (21.0.8+9-LTS), built on 2025-07-15T00:00:00Z by "admin" with MS VC++ 17.7 (VS2022)

END.
